#
# A fatal error has been detected by the Java Runtime Environment:
#
#  EXCEPTION_ACCESS_VIOLATION (0xc0000005) at pc=0x00007ffc338dca30, pid=12376, tid=3704
#
# JRE version: OpenJDK Runtime Environment Temurin-21.0.9+10 (21.0.9+10) (build 21.0.9+10-LTS)
# Java VM: OpenJDK 64-Bit Server VM Temurin-21.0.9+10 (21.0.9+10-LTS, mixed mode, sharing, tiered, compressed oops, compressed class ptrs, parallel gc, windows-amd64)
# Problematic frame:
# V  [jvm.dll+0xca30]
#
# No core dump will be written. Minidumps are not enabled by default on client versions of Windows
#
# If you would like to submit a bug report, please visit:
#   https://github.com/adoptium/adoptium-support/issues
#

---------------  S U M M A R Y ------------

Command Line: --add-modules=ALL-SYSTEM --add-opens=java.base/java.util=ALL-UNNAMED --add-opens=java.base/java.lang=ALL-UNNAMED --add-opens=java.base/sun.nio.fs=ALL-UNNAMED -Declipse.application=org.eclipse.jdt.ls.core.id1 -Dosgi.bundles.defaultStartLevel=4 -Declipse.product=org.eclipse.jdt.ls.core.product -Djava.import.generatesMetadataFilesAtProjectRoot=false -DDetectVMInstallationsJob.disabled=true -Dfile.encoding=utf8 -XX:+UseParallelGC -XX:GCTimeRatio=4 -XX:AdaptiveSizePolicyWeight=90 -Dsun.zip.disableMemoryMapping=true -Xmx2G -Xms100m -Xlog:disable -javaagent:c:\Users\ASUS\.vscode\extensions\redhat.java-1.51.0-win32-x64\lombok\lombok-1.18.39-4050.jar -XX:+HeapDumpOnOutOfMemoryError -XX:HeapDumpPath=c:\Users\ASUS\AppData\Roaming\Code\User\workspaceStorage\0756d9bf317ab265a75947ad770f0b5d\redhat.java -Daether.dependencyCollector.impl=bf c:\Users\ASUS\.vscode\extensions\redhat.java-1.51.0-win32-x64\server\plugins\org.eclipse.equinox.launcher_1.7.100.v20251111-0406.jar -configuration c:\Users\ASUS\AppData\Roaming\Code\User\globalStorage\redhat.java\1.51.0\config_win -data c:\Users\ASUS\AppData\Roaming\Code\User\workspaceStorage\0756d9bf317ab265a75947ad770f0b5d\redhat.java\jdt_ws --pipe=\\.\pipe\lsp-d0447ef1d2ea5aff2749b37a0e32e88c-sock

Host: AMD Ryzen 5 5500U with Radeon Graphics         , 12 cores, 7G,  Windows 11 , 64 bit Build 26100 (10.0.26100.7623)
Time: Fri Jan 16 17:08:01 2026 SE Asia Standard Time elapsed time: 3094.900019 seconds (0d 0h 51m 34s)

---------------  T H R E A D  ---------------

Current thread (0x000001eb04ac18e0):  WorkerThread "GC Thread#5"    [id=3704, stack(0x000000041f400000,0x000000041f500000) (1024K)]

Stack: [0x000000041f400000,0x000000041f500000],  sp=0x000000041f4ff6b8,  free space=1021k
Native frames: (J=compiled Java code, j=interpreted, Vv=VM code, C=native code)
V  [jvm.dll+0xca30]


siginfo: EXCEPTION_ACCESS_VIOLATION (0xc0000005), reading address 0xffffffffffffffff


Registers:
RAX=0x0701010c0a01010c, RBX=0x000000009f36a748, RCX=0x000001eb39102708, RDX=0x00000000d6afc630
RSP=0x000000041f4ff6b8, RBP=0x000000041f4ff710, RSI=0x00000000d6afc630, RDI=0x000001eb38221d00
R8 =0x000001eb39102708, R9 =0x00000000010c0a01, R10=0x000001eb39000000, R11=0x000001eb38221d00
R12=0x0000000000000010, R13=0x000000000000000c, R14=0x000001eb38221d00, R15=0x0000000000000040
RIP=0x00007ffc338dca30, EFLAGS=0x0000000000010202

XMM[0]=0x0000000000000400 0x000000009fd42278
XMM[1]=0x0000005a00000054 0x000000530000004d
XMM[2]=0x0000003f0000003d 0x0000003c0000003b
XMM[3]=0x0000004c0000004a 0x0000004900000047
XMM[4]=0x0000005800000056 0x0000005400000053
XMM[5]=0x0000006700000065 0x000000600000005e
XMM[6]=0x0000000000000000 0x0000000000000000
XMM[7]=0x0000000000000000 0x0000000000000000
XMM[8]=0x0000000000000000 0x0000000000000000
XMM[9]=0x0000000000000000 0x0000000000000000
XMM[10]=0x0000000000000000 0x0000000000000000
XMM[11]=0x0000000000000000 0x0000000000000000
XMM[12]=0x0000000000000000 0x0000000000000000
XMM[13]=0x0000000000000000 0x0000000000000000
XMM[14]=0x0000000000000000 0x0000000000000000
XMM[15]=0x0000000000000000 0x0000000000000000
  MXCSR=0x00001fa0


Register to memory mapping:

RAX=0x0701010c0a01010c is an unknown value
RBX=0x000000009f36a748 is pointing into object: [Ljava.lang.Object; 
{0x000000009f33ffa0} - klass: 'java/lang/Object'[]
 - length: 147633
RCX=0x000001eb39102708 is pointing into metadata
RDX=0x00000000d6afc630 points into unknown readable memory: 0x0000000000000009 | 09 00 00 00 00 00 00 00
RSP=0x000000041f4ff6b8 points into unknown readable memory: 0x00007ffc33fe3d25 | 25 3d fe 33 fc 7f 00 00
RBP=0x000000041f4ff710 points into unknown readable memory: 0x0000000000000040 | 40 00 00 00 00 00 00 00
RSI=0x00000000d6afc630 points into unknown readable memory: 0x0000000000000009 | 09 00 00 00 00 00 00 00
RDI=0x000001eb38221d00 points into unknown readable memory: 0x00007ffc34369b38 | 38 9b 36 34 fc 7f 00 00
R8 =0x000001eb39102708 is pointing into metadata
R9 =0x00000000010c0a01 is an unknown value
R10=0x000001eb39000000 is pointing into metadata
R11=0x000001eb38221d00 points into unknown readable memory: 0x00007ffc34369b38 | 38 9b 36 34 fc 7f 00 00
R12=0x0000000000000010 is an unknown value
R13=0x000000000000000c is an unknown value
R14=0x000001eb38221d00 points into unknown readable memory: 0x00007ffc34369b38 | 38 9b 36 34 fc 7f 00 00
R15=0x0000000000000040 is an unknown value

Top of Stack: (sp=0x000000041f4ff6b8)
0x000000041f4ff6b8:   00007ffc33fe3d25 000000009fd2a260
0x000000041f4ff6c8:   00000000d6addd18 0000000085288668
0x000000041f4ff6d8:   000000041f4ff770 000001eb39226f58
0x000000041f4ff6e8:   00007ffc33fd8c18 000000009fd42278
0x000000041f4ff6f8:   0000000000000400 000000000000000c
0x000000041f4ff708:   0000000000000010 0000000000000040
0x000000041f4ff718:   000000041f4ff888 000001eb38221d00
0x000000041f4ff728:   000000000001515d 000000009f370000
0x000000041f4ff738:   00007ffc33fe4b29 000000009f36a78c
0x000000041f4ff748:   000000009f360000 0000000000000009
0x000000041f4ff758:   000000041f4ff700 000000009f370000
0x000000041f4ff768:   000000041f4ff888 000001eb38221d00
0x000000041f4ff778:   0000000000000006 000000009f3d0278
0x000000041f4ff788:   000000009f360000 000000009f370000
0x000000041f4ff798:   00007ffc33fda79a 000000041f4ff920
0x000000041f4ff7a8:   0000000000000040 000000009f360000
0x000000041f4ff7b8:   000000009f33ffa0 000000009f370000
0x000000041f4ff7c8:   00007ffca6f4d872 000000009f370000
0x000000041f4ff7d8:   000000041f4ff930 000001eb1f58ee80
0x000000041f4ff7e8:   000000009f360000 000000041f4ff888
0x000000041f4ff7f8:   00007ffca700ee84 0000020000000009
0x000000041f4ff808:   0000020002020000 0202000002020202
0x000000041f4ff818:   0202020000020200 0202020002020202
0x000000041f4ff828:   0002000202020202 0002020202000202
0x000000041f4ff838:   0000000200020202 0202020000020200
0x000000041f4ff848:   0002020002000002 0200020000020202
0x000000041f4ff858:   0202020202020000 0200020202020000
0x000000041f4ff868:   0202000202000202 0002000202020202
0x000000041f4ff878:   0002020000020000 0202020202020200
0x000000041f4ff888:   000000041f005d08 0000f101489f619e
0x000000041f4ff898:   00007ffc34072054 000000c2cca94b40
0x000000041f4ff8a8:   000001eb38221d00 000000009faac278 

Instructions: (pc=0x00007ffc338dca30)
0x00007ffc338dc930:   a9 00 f0 00 00 75 43 0f b6 c2 24 30 3c 30 74 3a
0x00007ffc338dc940:   48 c1 e9 0c 48 8d 05 e5 b5 94 00 83 e1 0f 8b 0c
0x00007ffc338dc950:   88 48 8b 05 20 e2 cd 00 48 d3 ea 48 c1 e8 15 48
0x00007ffc338dc960:   c1 ea 15 48 23 d0 48 8b 05 03 e5 cd 00 48 8b 48
0x00007ffc338dc970:   60 48 8b 04 d1 48 85 c0 75 08 48 8b 05 f7 e4 cd
0x00007ffc338dc980:   00 c3 48 8b 05 e7 e4 cd 00 c3 cc cc cc cc cc cc
0x00007ffc338dc990:   8b 05 a2 b6 c2 00 c3 cc cc cc cc cc cc cc cc cc
0x00007ffc338dc9a0:   0f b6 05 65 d1 c2 00 48 8b d1 84 c0 74 16 44 8b
0x00007ffc338dc9b0:   41 08 8b 0d 80 b6 c2 00 49 d3 e0 4c 03 05 6e b6
0x00007ffc338dc9c0:   c2 00 eb 04 4c 8b 41 08 45 8b 48 08 45 85 c9 7e
0x00007ffc338dc9d0:   0e 41 f6 c1 01 75 53 41 c1 f9 03 49 63 c1 c3 79
0x00007ffc338dc9e0:   49 84 c0 41 b8 0c 00 00 00 8b 05 b9 c7 c2 00 b9
0x00007ffc338dc9f0:   10 00 00 00 41 0f 45 c8 ff c8 4c 63 c0 41 8b c1
0x00007ffc338dca00:   48 c1 f8 10 0f b6 c0 48 63 14 11 41 8b c9 83 e1
0x00007ffc338dca10:   3f 48 d3 e2 49 8d 0c 10 49 f7 d0 48 03 c1 49 c1
0x00007ffc338dca20:   e8 03 48 c1 e8 03 49 23 c0 c3 49 8b 00 49 8b c8
0x00007ffc338dca30:   48 ff a0 00 01 00 00 cc cc cc cc cc cc cc cc cc
0x00007ffc338dca40:   8b 44 24 30 45 03 c9 44 2b 4c 24 28 83 c0 0b 44
0x00007ffc338dca50:   03 ca 45 03 c8 41 03 c1 c3 cc cc cc cc cc cc cc
0x00007ffc338dca60:   4c 8b c2 48 8b d1 45 8b 48 08 45 85 c9 7e 0e 41
0x00007ffc338dca70:   f6 c1 01 75 56 41 c1 f9 03 49 63 c1 c3 79 4c 80
0x00007ffc338dca80:   3d 86 d0 c2 00 00 b8 0c 00 00 00 b9 10 00 00 00
0x00007ffc338dca90:   0f 45 c8 8b 05 0f c7 c2 00 ff c8 4c 63 c0 41 8b
0x00007ffc338dcaa0:   c1 48 c1 f8 10 48 63 14 11 41 8b c9 83 e1 3f 0f
0x00007ffc338dcab0:   b6 c0 48 d3 e2 49 8d 0c 10 49 f7 d0 48 03 c1 49
0x00007ffc338dcac0:   c1 e8 03 48 c1 e8 03 49 23 c0 c3 49 8b 00 49 8b
0x00007ffc338dcad0:   c8 48 ff a0 00 01 00 00 cc cc cc cc cc cc cc cc
0x00007ffc338dcae0:   48 8b 41 08 0f b7 48 2c 0f b7 40 2a 83 c0 48 03
0x00007ffc338dcaf0:   c1 c3 cc cc cc cc cc cc cc cc cc cc cc cc cc cc
0x00007ffc338dcb00:   48 89 5c 24 08 57 48 83 ec 20 0f b6 05 af cc cd
0x00007ffc338dcb10:   00 48 8b fa 48 8b d9 84 c0 74 4f 48 85 15 56 c4
0x00007ffc338dcb20:   cd 00 74 38 48 8b ca e8 94 98 8d 00 48 8b d0 48 


Stack slot to memory mapping:

stack at sp + 0 slots: 0x00007ffc33fe3d25 jvm.dll
stack at sp + 1 slots: 0x000000009fd2a260 is an oop: [Ljdk.internal.vm.FillerElement; 
{0x000000009fd2a260} - klass: {type array int}
 - length: 2
stack at sp + 2 slots: 0x00000000d6addd18 is an oop: [I 
{0x00000000d6addd18} - klass: {type array int}
 - length: 1
stack at sp + 3 slots: 0x0000000085288668 is an oop: java.lang.ThreadLocal$ThreadLocalMap$Entry 
{0x0000000085288668} - klass: 'java/lang/ThreadLocal$ThreadLocalMap$Entry'
 - ---- fields (total size 4 words):
 - private 'referent' 'Ljava/lang/Object;' @12  a 'sun/nio/ch/Util$1'{0x0000000080e41470} (0x80e41470)
 - volatile 'queue' 'Ljava/lang/ref/ReferenceQueue;' @16  a 'java/lang/ref/ReferenceQueue$Null'{0x0000000080001468} (0x80001468)
 - volatile 'next' 'Ljava/lang/ref/Reference;' @20  null (0x00000000)
 - private transient 'discovered' 'Ljava/lang/ref/Reference;' @24  null (0x00000000)
 - 'value' 'Ljava/lang/Object;' @28  a 'sun/nio/ch/Util$BufferCache'{0x0000000085288688} (0x85288688)
stack at sp + 4 slots: 0x000000041f4ff770 points into unknown readable memory: 0x000001eb38221d00 | 00 1d 22 38 eb 01 00 00
stack at sp + 5 slots: 0x000001eb39226f58 is pointing into metadata
stack at sp + 6 slots: 0x00007ffc33fd8c18 jvm.dll
stack at sp + 7 slots: 0x000000009fd42278 is an oop: [I 
{0x000000009fd42278} - klass: {type array int}
 - length: 1


---------------  P R O C E S S  ---------------

Threads class SMR info:
_java_thread_list=0x000001eb12b71fd0, length=65, elements={
0x000001eb21a3c2c0, 0x000001eb3823e610, 0x000001eb04013790, 0x000001eb04016f40,
0x000001eb04017b90, 0x000001eb04027ca0, 0x000001eb0402fe20, 0x000001eb04034780,
0x000001eb040374e0, 0x000001eb040332a0, 0x000001eb040304b0, 0x000001eb04032580,
0x000001eb04030b40, 0x000001eb040311d0, 0x000001eb04031860, 0x000001eb04031ef0,
0x000001eb04032c10, 0x000001eb04461b60, 0x000001eb04462f10, 0x000001eb04460120,
0x000001eb04463c30, 0x000001eb044607b0, 0x000001eb044642c0, 0x000001eb04464950,
0x000001eb044614d0, 0x000001eb04467740, 0x000001eb04464fe0, 0x000001eb04465d00,
0x000001eb04465670, 0x000001eb04466390, 0x000001eb04466a20, 0x000001eb044670b0,
0x000001eb07c6a660, 0x000001eb07c6acf0, 0x000001eb07c67f00, 0x000001eb07c692b0,
0x000001eb08aba3c0, 0x000001eb08ab82f0, 0x000001eb08abbe00, 0x000001eb08ab9d30,
0x000001eb08abf280, 0x000001eb08abf910, 0x000001eb07c67870, 0x000001eb07c6dae0,
0x000001eb0582ca90, 0x000001eb07c6b380, 0x000001eb07c6c0a0, 0x000001eb07c68c20,
0x000001eb07c6cdc0, 0x000001eb07c69940, 0x000001eb07c6e170, 0x000001eb08ab8980,
0x000001eb08abcb20, 0x000001eb08ab96a0, 0x000001eb08abd1b0, 0x000001eb08abded0,
0x000001eb0582f880, 0x000001eb0582d120, 0x000001eb0582d7b0, 0x000001eb0582f1f0,
0x000001eb0582c400, 0x000001eb058312c0, 0x000001eb0582ff10, 0x000001eb0582de40,
0x000001eb08abaa50
}

Java Threads: ( => current thread )
  0x000001eb21a3c2c0 JavaThread "main"                              [_thread_blocked, id=11920, stack(0x000000041e000000,0x000000041e100000) (1024K)]
  0x000001eb3823e610 JavaThread "Reference Handler"          daemon [_thread_blocked, id=14976, stack(0x000000041e400000,0x000000041e500000) (1024K)]
  0x000001eb04013790 JavaThread "Finalizer"                  daemon [_thread_blocked, id=8728, stack(0x000000041e500000,0x000000041e600000) (1024K)]
  0x000001eb04016f40 JavaThread "Signal Dispatcher"          daemon [_thread_blocked, id=7120, stack(0x000000041e600000,0x000000041e700000) (1024K)]
  0x000001eb04017b90 JavaThread "Attach Listener"            daemon [_thread_blocked, id=8352, stack(0x000000041e700000,0x000000041e800000) (1024K)]
  0x000001eb04027ca0 JavaThread "Service Thread"             daemon [_thread_blocked, id=10884, stack(0x000000041e800000,0x000000041e900000) (1024K)]
  0x000001eb0402fe20 JavaThread "Monitor Deflation Thread"   daemon [_thread_blocked, id=17048, stack(0x000000041e900000,0x000000041ea00000) (1024K)]
  0x000001eb04034780 JavaThread "C2 CompilerThread0"         daemon [_thread_blocked, id=6068, stack(0x000000041ea00000,0x000000041eb00000) (1024K)]
  0x000001eb040374e0 JavaThread "C1 CompilerThread0"         daemon [_thread_blocked, id=19056, stack(0x000000041eb00000,0x000000041ec00000) (1024K)]
  0x000001eb040332a0 JavaThread "Common-Cleaner"             daemon [_thread_blocked, id=17092, stack(0x000000041ed00000,0x000000041ee00000) (1024K)]
  0x000001eb040304b0 JavaThread "Notification Thread"        daemon [_thread_blocked, id=19892, stack(0x000000041ee00000,0x000000041ef00000) (1024K)]
  0x000001eb04032580 JavaThread "Active Thread: Equinox Container: 4185b4ac-287e-4f9d-9f2b-12ce45193d88"        [_thread_blocked, id=18836, stack(0x000000041f600000,0x000000041f700000) (1024K)]
  0x000001eb04030b40 JavaThread "Refresh Thread: Equinox Container: 4185b4ac-287e-4f9d-9f2b-12ce45193d88" daemon [_thread_blocked, id=12636, stack(0x000000041ef00000,0x000000041f000000) (1024K)]
  0x000001eb040311d0 JavaThread "Framework Event Dispatcher: Equinox Container: 4185b4ac-287e-4f9d-9f2b-12ce45193d88" daemon [_thread_blocked, id=18448, stack(0x000000041f700000,0x000000041f800000) (1024K)]
  0x000001eb04031860 JavaThread "Start Level: Equinox Container: 4185b4ac-287e-4f9d-9f2b-12ce45193d88" daemon [_thread_blocked, id=17932, stack(0x000000041f800000,0x000000041f900000) (1024K)]
  0x000001eb04031ef0 JavaThread "Bundle File Closer"         daemon [_thread_blocked, id=15000, stack(0x000000041fc00000,0x000000041fd00000) (1024K)]
  0x000001eb04032c10 JavaThread "SCR Component Actor"        daemon [_thread_blocked, id=13696, stack(0x000000041f900000,0x000000041fa00000) (1024K)]
  0x000001eb04461b60 JavaThread "Worker-JM"                         [_thread_blocked, id=15196, stack(0x000000041ff00000,0x0000000420000000) (1024K)]
  0x000001eb04462f10 JavaThread "JNA Cleaner"                daemon [_thread_blocked, id=17620, stack(0x000000041fd00000,0x000000041fe00000) (1024K)]
  0x000001eb04460120 JavaThread "Java indexing"              daemon [_thread_blocked, id=17968, stack(0x0000000420400000,0x0000000420500000) (1024K)]
  0x000001eb04463c30 JavaThread "Thread-1"                   daemon [_thread_in_native, id=19220, stack(0x0000000420800000,0x0000000420900000) (1024K)]
  0x000001eb044607b0 JavaThread "Thread-2"                   daemon [_thread_in_native, id=4984, stack(0x0000000420900000,0x0000000420a00000) (1024K)]
  0x000001eb044642c0 JavaThread "Thread-3"                   daemon [_thread_in_native, id=20272, stack(0x0000000420a00000,0x0000000420b00000) (1024K)]
  0x000001eb04464950 JavaThread "Thread-4"                   daemon [_thread_in_native, id=13160, stack(0x0000000420b00000,0x0000000420c00000) (1024K)]
  0x000001eb044614d0 JavaThread "Thread-5"                   daemon [_thread_in_native, id=20352, stack(0x0000000420c00000,0x0000000420d00000) (1024K)]
  0x000001eb04467740 JavaThread "Thread-6"                   daemon [_thread_in_native, id=4744, stack(0x0000000420d00000,0x0000000420e00000) (1024K)]
  0x000001eb04464fe0 JavaThread "Thread-7"                   daemon [_thread_in_native, id=7064, stack(0x0000000420e00000,0x0000000420f00000) (1024K)]
  0x000001eb04465d00 JavaThread "Thread-8"                   daemon [_thread_in_native, id=9488, stack(0x0000000420f00000,0x0000000421000000) (1024K)]
  0x000001eb04465670 JavaThread "Thread-9"                   daemon [_thread_in_native, id=17948, stack(0x0000000421000000,0x0000000421100000) (1024K)]
  0x000001eb04466390 JavaThread "Thread-10"                  daemon [_thread_in_native, id=12592, stack(0x0000000421100000,0x0000000421200000) (1024K)]
  0x000001eb04466a20 JavaThread "Thread-11"                  daemon [_thread_in_native, id=20268, stack(0x0000000421200000,0x0000000421300000) (1024K)]
  0x000001eb044670b0 JavaThread "Thread-12"                  daemon [_thread_in_native, id=15504, stack(0x0000000421300000,0x0000000421400000) (1024K)]
  0x000001eb07c6a660 JavaThread "Thread-13"                  daemon [_thread_in_native, id=11588, stack(0x0000000421400000,0x0000000421500000) (1024K)]
  0x000001eb07c6acf0 JavaThread "pool-2-thread-1"                   [_thread_blocked, id=18452, stack(0x0000000421500000,0x0000000421600000) (1024K)]
  0x000001eb07c67f00 JavaThread "WorkspaceEventsHandler"            [_thread_blocked, id=15168, stack(0x0000000421800000,0x0000000421900000) (1024K)]
  0x000001eb07c692b0 JavaThread "pool-1-thread-1"                   [_thread_blocked, id=17084, stack(0x0000000421900000,0x0000000421a00000) (1024K)]
  0x000001eb08aba3c0 JavaThread "Timer-0"                           [_thread_blocked, id=5288, stack(0x0000000422500000,0x0000000422600000) (1024K)]
  0x000001eb08ab82f0 JavaThread "ForkJoinPool.commonPool-worker-13" daemon [_thread_blocked, id=7676, stack(0x000000041df00000,0x000000041e000000) (1024K)]
  0x000001eb08abbe00 JavaThread "ForkJoinPool.commonPool-worker-14" daemon [_thread_blocked, id=19448, stack(0x000000041fe00000,0x000000041ff00000) (1024K)]
  0x000001eb08ab9d30 JavaThread "ForkJoinPool.commonPool-worker-15" daemon [_thread_blocked, id=16512, stack(0x0000000420000000,0x0000000420100000) (1024K)]
  0x000001eb08abf280 JavaThread "ForkJoinPool.commonPool-worker-17" daemon [_thread_blocked, id=15060, stack(0x0000000420300000,0x0000000420400000) (1024K)]
  0x000001eb08abf910 JavaThread "ForkJoinPool.commonPool-worker-18" daemon [_thread_blocked, id=18092, stack(0x0000000420500000,0x0000000420600000) (1024K)]
  0x000001eb07c67870 JavaThread "Cleaner-0"                  daemon [_thread_blocked, id=8264, stack(0x0000000421f00000,0x0000000422000000) (1024K)]
  0x000001eb07c6dae0 JavaThread "ForkJoinPool.commonPool-worker-25" daemon [_thread_blocked, id=19828, stack(0x0000000421d00000,0x0000000421e00000) (1024K)]
  0x000001eb0582ca90 JavaThread "ForkJoinPool.commonPool-worker-28" daemon [_thread_blocked, id=16644, stack(0x0000000421c00000,0x0000000421d00000) (1024K)]
  0x000001eb07c6b380 JavaThread "Compiler Source File Reader" daemon [_thread_blocked, id=12320, stack(0x000000041de00000,0x000000041df00000) (1024K)]
  0x000001eb07c6c0a0 JavaThread "Worker-13: Building"               [_thread_blocked, id=12584, stack(0x0000000420600000,0x0000000420700000) (1024K)]
  0x000001eb07c68c20 JavaThread "Compiler Source File Reader" daemon [_thread_blocked, id=13800, stack(0x0000000420700000,0x0000000420800000) (1024K)]
  0x000001eb07c6cdc0 JavaThread "Compiler Source File Reader" daemon [_thread_blocked, id=19436, stack(0x0000000421600000,0x0000000421700000) (1024K)]
  0x000001eb07c69940 JavaThread "Compiler Source File Reader" daemon [_thread_blocked, id=8872, stack(0x0000000421700000,0x0000000421800000) (1024K)]
  0x000001eb07c6e170 JavaThread "Compiler Source File Reader" daemon [_thread_blocked, id=13808, stack(0x0000000421a00000,0x0000000421b00000) (1024K)]
  0x000001eb08ab8980 JavaThread "Compiler Source File Reader" daemon [_thread_blocked, id=17652, stack(0x0000000421e00000,0x0000000421f00000) (1024K)]
  0x000001eb08abcb20 JavaThread "Compiler Source File Reader" daemon [_thread_blocked, id=19792, stack(0x0000000422300000,0x0000000422400000) (1024K)]
  0x000001eb08ab96a0 JavaThread "ForkJoinPool.commonPool-worker-30" daemon [_thread_blocked, id=13588, stack(0x0000000422400000,0x0000000422500000) (1024K)]
  0x000001eb08abd1b0 JavaThread "ForkJoinPool.commonPool-worker-31" daemon [_thread_blocked, id=9872, stack(0x0000000422600000,0x0000000422700000) (1024K)]
  0x000001eb08abded0 JavaThread "Compiler Source File Reader" daemon [_thread_blocked, id=20168, stack(0x0000000422000000,0x0000000422100000) (1024K)]
  0x000001eb0582f880 JavaThread "Compiler Source File Reader" daemon [_thread_blocked, id=3776, stack(0x0000000422700000,0x0000000422800000) (1024K)]
  0x000001eb0582d120 JavaThread "Compiler Source File Reader" daemon [_thread_blocked, id=5500, stack(0x0000000422900000,0x0000000422a00000) (1024K)]
  0x000001eb0582d7b0 JavaThread "Worker-15"                         [_thread_blocked, id=13148, stack(0x0000000422a00000,0x0000000422b00000) (1024K)]
  0x000001eb0582f1f0 JavaThread "Worker-16"                         [_thread_blocked, id=15700, stack(0x000000041dd00000,0x000000041de00000) (1024K)]
  0x000001eb0582c400 JavaThread "Compiler Processing Task"   daemon [_thread_blocked, id=2872, stack(0x0000000420100000,0x0000000420200000) (1024K)]
  0x000001eb058312c0 JavaThread "ForkJoinPool.commonPool-worker-32" daemon [_thread_blocked, id=17460, stack(0x0000000420200000,0x0000000420300000) (1024K)]
  0x000001eb0582ff10 JavaThread "ForkJoinPool.commonPool-worker-33" daemon [_thread_blocked, id=8612, stack(0x0000000421b00000,0x0000000421c00000) (1024K)]
  0x000001eb0582de40 JavaThread "pool-1-thread-8"                   [_thread_blocked, id=3424, stack(0x0000000422800000,0x0000000422900000) (1024K)]
  0x000001eb08abaa50 JavaThread "pool-1-thread-9"                   [_thread_blocked, id=9388, stack(0x0000000422100000,0x0000000422200000) (1024K)]
Total: 65

Other Threads:
  0x000001eb38224800 VMThread "VM Thread"                           [id=7496, stack(0x000000041e300000,0x000000041e400000) (1024K)]
  0x000001eb3811ca00 WatcherThread "VM Periodic Task Thread"        [id=9352, stack(0x000000041e200000,0x000000041e300000) (1024K)]
  0x000001eb21a5b5f0 WorkerThread "GC Thread#0"                     [id=10068, stack(0x000000041e100000,0x000000041e200000) (1024K)]
  0x000001eb04ac11a0 WorkerThread "GC Thread#1"                     [id=4436, stack(0x000000041f000000,0x000000041f100000) (1024K)]
  0x000001eb04ac06c0 WorkerThread "GC Thread#2"                     [id=16976, stack(0x000000041f100000,0x000000041f200000) (1024K)]
  0x000001eb04ac0a60 WorkerThread "GC Thread#3"                     [id=17872, stack(0x000000041f200000,0x000000041f300000) (1024K)]
  0x000001eb04ac1540 WorkerThread "GC Thread#4"                     [id=10944, stack(0x000000041f300000,0x000000041f400000) (1024K)]
=>0x000001eb04ac18e0 WorkerThread "GC Thread#5"                     [id=3704, stack(0x000000041f400000,0x000000041f500000) (1024K)]
  0x000001eb04ac1c80 WorkerThread "GC Thread#6"                     [id=6972, stack(0x000000041f500000,0x000000041f600000) (1024K)]
  0x000001eb04ba21b0 WorkerThread "GC Thread#7"                     [id=12368, stack(0x000000041ec00000,0x000000041ed00000) (1024K)]
  0x000001eb04ba2550 WorkerThread "GC Thread#8"                     [id=13592, stack(0x000000041fa00000,0x000000041fb00000) (1024K)]
  0x000001eb04ba1a70 WorkerThread "GC Thread#9"                     [id=13448, stack(0x000000041fb00000,0x000000041fc00000) (1024K)]
Total: 12

Threads with active compile tasks:
C2 CompilerThread0  3094951 18717       4       org.eclipse.jdt.internal.core.index.DiskIndex::writeAllDocumentNames (512 bytes)
Total: 1

VM state: at safepoint (normal execution)

VM Mutex/Monitor currently owned by a thread:  ([mutex/lock_event])
[0x00007ffc3458d570] Threads_lock - owner thread: 0x000001eb38224800
[0x00007ffc3458d670] Heap_lock - owner thread: 0x000001eb07c6c0a0

Heap address: 0x0000000080000000, size: 2048 MB, Compressed Oops mode: 32-bit

CDS archive(s) mapped at: [0x000001eb39000000-0x000001eb39ba0000-0x000001eb39ba0000), size 12189696, SharedBaseAddress: 0x000001eb39000000, ArchiveRelocationMode: 1.
Compressed class space mapped at: 0x000001eb3a000000-0x000001eb7a000000, reserved size: 1073741824
Narrow klass base: 0x000001eb39000000, Narrow klass shift: 0, Narrow klass range: 0x100000000

GC Precious Log:
 CardTable entry size: 512
 CPUs: 12 total, 12 available
 Memory: 7561M
 Large Page Support: Disabled
 NUMA Support: Disabled
 Compressed Oops: Enabled (32-bit)
 Alignments: Space 512K, Generation 512K, Heap 2M
 Heap Min Capacity: 100M
 Heap Initial Capacity: 100M
 Heap Max Capacity: 2G
 Pre-touch: Disabled
 Parallel Workers: 10

Heap:
 PSYoungGen      total 12800K, used 12026K [0x00000000d5580000, 0x00000000d6b80000, 0x0000000100000000)
  eden space 6656K, 94% used [0x00000000d5580000,0x00000000d5ba6b98,0x00000000d5c00000)
  from space 6144K, 93% used [0x00000000d6580000,0x00000000d6b18000,0x00000000d6b80000)
  to   space 6656K, 77% used [0x00000000d5e80000,0x00000000d638e978,0x00000000d6500000)
 ParOldGen       total 524800K, used 524512K [0x0000000080000000, 0x00000000a0080000, 0x00000000d5580000)
  object space 524800K, 99% used [0x0000000080000000,0x00000000a0038278,0x00000000a0080000)
 Metaspace       used 86728K, committed 88384K, reserved 1179648K
  class space    used 9479K, committed 10240K, reserved 1048576K

Card table byte_map: [0x000001eb212f0000,0x000001eb21700000] _byte_map_base: 0x000001eb20ef0000

Marking Bits: (ParMarkBitMap*) 0x00007ffc34592460
 Begin Bits: [0x000001eb33c40000, 0x000001eb35c40000)
 End Bits:   [0x000001eb35c40000, 0x000001eb37c40000)

Polling page: 0x000001eb1f7a0000

Metaspace:

Usage:
  Non-class:     75.44 MB used.
      Class:      9.26 MB used.
       Both:     84.70 MB used.

Virtual space:
  Non-class space:      128.00 MB reserved,      76.31 MB ( 60%) committed,  2 nodes.
      Class space:        1.00 GB reserved,      10.00 MB ( <1%) committed,  1 nodes.
             Both:        1.12 GB reserved,      86.31 MB (  7%) committed. 

Chunk freelists:
   Non-Class:  3.72 MB
       Class:  6.03 MB
        Both:  9.75 MB

MaxMetaspaceSize: unlimited
CompressedClassSpaceSize: 1.00 GB
Initial GC threshold: 21.00 MB
Current GC threshold: 143.06 MB
CDS: on
 - commit_granule_bytes: 65536.
 - commit_granule_words: 8192.
 - virtual_space_node_default_size: 8388608.
 - enlarge_chunks_in_place: 1.
 - use_allocation_guard: 0.


Internal statistics:

num_allocs_failed_limit: 9.
num_arena_births: 1646.
num_arena_deaths: 350.
num_vsnodes_births: 3.
num_vsnodes_deaths: 0.
num_space_committed: 1381.
num_space_uncommitted: 0.
num_chunks_returned_to_freelist: 393.
num_chunks_taken_from_freelist: 6017.
num_chunk_merges: 99.
num_chunk_splits: 3624.
num_chunks_enlarged: 2166.
num_inconsistent_stats: 0.

CodeHeap 'non-profiled nmethods': size=120000Kb used=13649Kb max_used=17595Kb free=106350Kb
 bounds [0x000001eb2c710000, 0x000001eb2d840000, 0x000001eb33c40000]
CodeHeap 'profiled nmethods': size=120000Kb used=26783Kb max_used=37906Kb free=93216Kb
 bounds [0x000001eb24c40000, 0x000001eb27150000, 0x000001eb2c170000]
CodeHeap 'non-nmethods': size=5760Kb used=1483Kb max_used=1566Kb free=4276Kb
 bounds [0x000001eb2c170000, 0x000001eb2c3e0000, 0x000001eb2c710000]
CodeCache: size=245760Kb, used=41915Kb, max_used=57067Kb, free=203842Kb
 total_blobs=12634, nmethods=11835, adapters=703, full_count=0
Compilation: enabled, stopped_count=0, restarted_count=0

Compilation events (20 events):
Event: 3094.700 Thread 0x000001eb040374e0 nmethod 18712 0x000001eb24f59410 code [0x000001eb24f59940, 0x000001eb24f5c570]
Event: 3094.700 Thread 0x000001eb040374e0 18716  s    3       org.eclipse.core.internal.events.ResourceChangeListenerList::remove (68 bytes)
Event: 3094.701 Thread 0x000001eb040374e0 nmethod 18716 0x000001eb25777090 code [0x000001eb257772c0, 0x000001eb25777bd8]
Event: 3094.701 Thread 0x000001eb040374e0 18714       3       org.eclipse.core.internal.filebuffers.TextFileBufferManager::getTextFileBuffer (10 bytes)
Event: 3094.702 Thread 0x000001eb040374e0 nmethod 18714 0x000001eb258a7490 code [0x000001eb258a7680, 0x000001eb258a7d98]
Event: 3094.702 Thread 0x000001eb040374e0 18715       3       org.eclipse.core.internal.filebuffers.TextFileBufferManager::getFileBuffer (19 bytes)
Event: 3094.702 Thread 0x000001eb040374e0 nmethod 18715 0x000001eb25a3cc90 code [0x000001eb25a3ce60, 0x000001eb25a3d388]
Event: 3094.703 Thread 0x000001eb04034780 18717       4       org.eclipse.jdt.internal.core.index.DiskIndex::writeAllDocumentNames (512 bytes)
Event: 3094.802 Thread 0x000001eb040374e0 18718       1       org.eclipse.core.internal.resources.WorkspaceDescription::isApplyFileStatePolicy (5 bytes)
Event: 3094.802 Thread 0x000001eb040374e0 nmethod 18718 0x000001eb2cfc6890 code [0x000001eb2cfc6a20, 0x000001eb2cfc6af0]
Event: 3094.802 Thread 0x000001eb040374e0 18719       1       org.eclipse.core.internal.resources.WorkspaceDescription::getFileStateLongevity (5 bytes)
Event: 3094.802 Thread 0x000001eb040374e0 nmethod 18719 0x000001eb2d013590 code [0x000001eb2d013720, 0x000001eb2d0137e8]
Event: 3094.802 Thread 0x000001eb040374e0 18720       1       org.eclipse.core.internal.resources.WorkspaceDescription::getMaxFileStates (5 bytes)
Event: 3094.802 Thread 0x000001eb040374e0 nmethod 18720 0x000001eb2d048490 code [0x000001eb2d048620, 0x000001eb2d0486e8]
Event: 3094.802 Thread 0x000001eb040374e0 18721       1       org.eclipse.core.internal.resources.WorkspaceDescription::getMaxFileStateSize (5 bytes)
Event: 3094.802 Thread 0x000001eb040374e0 nmethod 18721 0x000001eb2d149a10 code [0x000001eb2d149ba0, 0x000001eb2d149c68]
Event: 3094.802 Thread 0x000001eb040374e0 18722       1       org.eclipse.core.internal.resources.WorkspaceDescription::isKeepDerivedState (5 bytes)
Event: 3094.803 Thread 0x000001eb040374e0 nmethod 18722 0x000001eb2d1b2690 code [0x000001eb2d1b2820, 0x000001eb2d1b28f0]
Event: 3094.803 Thread 0x000001eb040374e0 18723       1       org.eclipse.core.internal.resources.ModelObject::getName (5 bytes)
Event: 3094.803 Thread 0x000001eb040374e0 nmethod 18723 0x000001eb2d286690 code [0x000001eb2d286820, 0x000001eb2d2868e8]

GC Heap History (20 events):
Event: 3093.298 GC heap after
{Heap after GC invocations=1636 (full 7):
 PSYoungGen      total 7680K, used 256K [0x00000000d5580000, 0x00000000d6180000, 0x0000000100000000)
  eden space 7168K, 0% used [0x00000000d5580000,0x00000000d5580000,0x00000000d5c80000)
  from space 512K, 50% used [0x00000000d5c80000,0x00000000d5cc0000,0x00000000d5d00000)
  to   space 1536K, 0% used [0x00000000d6000000,0x00000000d6000000,0x00000000d6180000)
 ParOldGen       total 507904K, used 507562K [0x0000000080000000, 0x000000009f000000, 0x00000000d5580000)
  object space 507904K, 99% used [0x0000000080000000,0x000000009efaab38,0x000000009f000000)
 Metaspace       used 86701K, committed 88384K, reserved 1179648K
  class space    used 9479K, committed 10240K, reserved 1048576K
}
Event: 3093.323 GC heap before
{Heap before GC invocations=1637 (full 7):
 PSYoungGen      total 7680K, used 6795K [0x00000000d5580000, 0x00000000d6180000, 0x0000000100000000)
  eden space 7168K, 91% used [0x00000000d5580000,0x00000000d5be2e70,0x00000000d5c80000)
  from space 512K, 50% used [0x00000000d5c80000,0x00000000d5cc0000,0x00000000d5d00000)
  to   space 1536K, 0% used [0x00000000d6000000,0x00000000d6000000,0x00000000d6180000)
 ParOldGen       total 507904K, used 507562K [0x0000000080000000, 0x000000009f000000, 0x00000000d5580000)
  object space 507904K, 99% used [0x0000000080000000,0x000000009efaab38,0x000000009f000000)
 Metaspace       used 86701K, committed 88384K, reserved 1179648K
  class space    used 9479K, committed 10240K, reserved 1048576K
}
Event: 3093.326 GC heap after
{Heap after GC invocations=1637 (full 7):
 PSYoungGen      total 7680K, used 484K [0x00000000d5580000, 0x00000000d6080000, 0x0000000100000000)
  eden space 7168K, 0% used [0x00000000d5580000,0x00000000d5580000,0x00000000d5c80000)
  from space 512K, 94% used [0x00000000d6000000,0x00000000d60790b0,0x00000000d6080000)
  to   space 1024K, 0% used [0x00000000d5e80000,0x00000000d5e80000,0x00000000d5f80000)
 ParOldGen       total 507904K, used 507706K [0x0000000080000000, 0x000000009f000000, 0x00000000d5580000)
  object space 507904K, 99% used [0x0000000080000000,0x000000009efce8d0,0x000000009f000000)
 Metaspace       used 86701K, committed 88384K, reserved 1179648K
  class space    used 9479K, committed 10240K, reserved 1048576K
}
Event: 3093.352 GC heap before
{Heap before GC invocations=1638 (full 7):
 PSYoungGen      total 7680K, used 6939K [0x00000000d5580000, 0x00000000d6080000, 0x0000000100000000)
  eden space 7168K, 90% used [0x00000000d5580000,0x00000000d5bcde08,0x00000000d5c80000)
  from space 512K, 94% used [0x00000000d6000000,0x00000000d60790b0,0x00000000d6080000)
  to   space 1024K, 0% used [0x00000000d5e80000,0x00000000d5e80000,0x00000000d5f80000)
 ParOldGen       total 507904K, used 507706K [0x0000000080000000, 0x000000009f000000, 0x00000000d5580000)
  object space 507904K, 99% used [0x0000000080000000,0x000000009efce8d0,0x000000009f000000)
 Metaspace       used 86701K, committed 88384K, reserved 1179648K
  class space    used 9479K, committed 10240K, reserved 1048576K
}
Event: 3093.354 GC heap after
{Heap after GC invocations=1638 (full 7):
 PSYoungGen      total 8192K, used 478K [0x00000000d5580000, 0x00000000d6080000, 0x0000000100000000)
  eden space 7168K, 0% used [0x00000000d5580000,0x00000000d5580000,0x00000000d5c80000)
  from space 1024K, 46% used [0x00000000d5e80000,0x00000000d5ef7870,0x00000000d5f80000)
  to   space 512K, 0% used [0x00000000d6000000,0x00000000d6000000,0x00000000d6080000)
 ParOldGen       total 508416K, used 507998K [0x0000000080000000, 0x000000009f080000, 0x00000000d5580000)
  object space 508416K, 99% used [0x0000000080000000,0x000000009f017990,0x000000009f080000)
 Metaspace       used 86701K, committed 88384K, reserved 1179648K
  class space    used 9479K, committed 10240K, reserved 1048576K
}
Event: 3093.370 GC heap before
{Heap before GC invocations=1639 (full 7):
 PSYoungGen      total 8192K, used 7646K [0x00000000d5580000, 0x00000000d6080000, 0x0000000100000000)
  eden space 7168K, 100% used [0x00000000d5580000,0x00000000d5c80000,0x00000000d5c80000)
  from space 1024K, 46% used [0x00000000d5e80000,0x00000000d5ef7870,0x00000000d5f80000)
  to   space 512K, 0% used [0x00000000d6000000,0x00000000d6000000,0x00000000d6080000)
 ParOldGen       total 508416K, used 507998K [0x0000000080000000, 0x000000009f080000, 0x00000000d5580000)
  object space 508416K, 99% used [0x0000000080000000,0x000000009f017990,0x000000009f080000)
 Metaspace       used 86702K, committed 88384K, reserved 1179648K
  class space    used 9479K, committed 10240K, reserved 1048576K
}
Event: 3093.372 GC heap after
{Heap after GC invocations=1639 (full 7):
 PSYoungGen      total 7680K, used 410K [0x00000000d5580000, 0x00000000d6080000, 0x0000000100000000)
  eden space 7168K, 0% used [0x00000000d5580000,0x00000000d5580000,0x00000000d5c80000)
  from space 512K, 80% used [0x00000000d6000000,0x00000000d6066900,0x00000000d6080000)
  to   space 512K, 0% used [0x00000000d5f80000,0x00000000d5f80000,0x00000000d6000000)
 ParOldGen       total 508416K, used 508276K [0x0000000080000000, 0x000000009f080000, 0x00000000d5580000)
  object space 508416K, 99% used [0x0000000080000000,0x000000009f05d210,0x000000009f080000)
 Metaspace       used 86702K, committed 88384K, reserved 1179648K
  class space    used 9479K, committed 10240K, reserved 1048576K
}
Event: 3093.391 GC heap before
{Heap before GC invocations=1640 (full 7):
 PSYoungGen      total 7680K, used 7578K [0x00000000d5580000, 0x00000000d6080000, 0x0000000100000000)
  eden space 7168K, 100% used [0x00000000d5580000,0x00000000d5c80000,0x00000000d5c80000)
  from space 512K, 80% used [0x00000000d6000000,0x00000000d6066900,0x00000000d6080000)
  to   space 512K, 0% used [0x00000000d5f80000,0x00000000d5f80000,0x00000000d6000000)
 ParOldGen       total 508416K, used 508276K [0x0000000080000000, 0x000000009f080000, 0x00000000d5580000)
  object space 508416K, 99% used [0x0000000080000000,0x000000009f05d210,0x000000009f080000)
 Metaspace       used 86702K, committed 88384K, reserved 1179648K
  class space    used 9479K, committed 10240K, reserved 1048576K
}
Event: 3093.394 GC heap after
{Heap after GC invocations=1640 (full 7):
 PSYoungGen      total 7680K, used 496K [0x00000000d5580000, 0x00000000d6080000, 0x0000000100000000)
  eden space 7168K, 0% used [0x00000000d5580000,0x00000000d5580000,0x00000000d5c80000)
  from space 512K, 97% used [0x00000000d5f80000,0x00000000d5ffc360,0x00000000d6000000)
  to   space 512K, 0% used [0x00000000d6000000,0x00000000d6000000,0x00000000d6080000)
 ParOldGen       total 508928K, used 508474K [0x0000000080000000, 0x000000009f100000, 0x00000000d5580000)
  object space 508928K, 99% used [0x0000000080000000,0x000000009f08eb88,0x000000009f100000)
 Metaspace       used 86702K, committed 88384K, reserved 1179648K
  class space    used 9479K, committed 10240K, reserved 1048576K
}
Event: 3093.496 GC heap before
{Heap before GC invocations=1641 (full 7):
 PSYoungGen      total 7680K, used 7664K [0x00000000d5580000, 0x00000000d6080000, 0x0000000100000000)
  eden space 7168K, 100% used [0x00000000d5580000,0x00000000d5c80000,0x00000000d5c80000)
  from space 512K, 97% used [0x00000000d5f80000,0x00000000d5ffc360,0x00000000d6000000)
  to   space 512K, 0% used [0x00000000d6000000,0x00000000d6000000,0x00000000d6080000)
 ParOldGen       total 508928K, used 508474K [0x0000000080000000, 0x000000009f100000, 0x00000000d5580000)
  object space 508928K, 99% used [0x0000000080000000,0x000000009f08eb88,0x000000009f100000)
 Metaspace       used 86715K, committed 88384K, reserved 1179648K
  class space    used 9479K, committed 10240K, reserved 1048576K
}
Event: 3093.499 GC heap after
{Heap after GC invocations=1641 (full 7):
 PSYoungGen      total 7680K, used 500K [0x00000000d5580000, 0x00000000d6080000, 0x0000000100000000)
  eden space 7168K, 0% used [0x00000000d5580000,0x00000000d5580000,0x00000000d5c80000)
  from space 512K, 97% used [0x00000000d6000000,0x00000000d607d200,0x00000000d6080000)
  to   space 1536K, 0% used [0x00000000d5d80000,0x00000000d5d80000,0x00000000d5f00000)
 ParOldGen       total 509440K, used 509164K [0x0000000080000000, 0x000000009f180000, 0x00000000d5580000)
  object space 509440K, 99% used [0x0000000080000000,0x000000009f13b178,0x000000009f180000)
 Metaspace       used 86715K, committed 88384K, reserved 1179648K
  class space    used 9479K, committed 10240K, reserved 1048576K
}
Event: 3094.139 GC heap before
{Heap before GC invocations=1642 (full 7):
 PSYoungGen      total 7680K, used 7668K [0x00000000d5580000, 0x00000000d6080000, 0x0000000100000000)
  eden space 7168K, 99% used [0x00000000d5580000,0x00000000d5c7fff0,0x00000000d5c80000)
  from space 512K, 97% used [0x00000000d6000000,0x00000000d607d200,0x00000000d6080000)
  to   space 1536K, 0% used [0x00000000d5d80000,0x00000000d5d80000,0x00000000d5f00000)
 ParOldGen       total 509440K, used 509164K [0x0000000080000000, 0x000000009f180000, 0x00000000d5580000)
  object space 509440K, 99% used [0x0000000080000000,0x000000009f13b178,0x000000009f180000)
 Metaspace       used 86715K, committed 88384K, reserved 1179648K
  class space    used 9479K, committed 10240K, reserved 1048576K
}
Event: 3094.143 GC heap after
{Heap after GC invocations=1642 (full 7):
 PSYoungGen      total 8704K, used 1001K [0x00000000d5580000, 0x00000000d6080000, 0x0000000100000000)
  eden space 7168K, 0% used [0x00000000d5580000,0x00000000d5580000,0x00000000d5c80000)
  from space 1536K, 65% used [0x00000000d5d80000,0x00000000d5e7a420,0x00000000d5f00000)
  to   space 1536K, 0% used [0x00000000d5f00000,0x00000000d5f00000,0x00000000d6080000)
 ParOldGen       total 509952K, used 509690K [0x0000000080000000, 0x000000009f200000, 0x00000000d5580000)
  object space 509952K, 99% used [0x0000000080000000,0x000000009f1beaa8,0x000000009f200000)
 Metaspace       used 86715K, committed 88384K, reserved 1179648K
  class space    used 9479K, committed 10240K, reserved 1048576K
}
Event: 3094.754 GC heap before
{Heap before GC invocations=1643 (full 7):
 PSYoungGen      total 8704K, used 8169K [0x00000000d5580000, 0x00000000d6080000, 0x0000000100000000)
  eden space 7168K, 100% used [0x00000000d5580000,0x00000000d5c80000,0x00000000d5c80000)
  from space 1536K, 65% used [0x00000000d5d80000,0x00000000d5e7a420,0x00000000d5f00000)
  to   space 1536K, 0% used [0x00000000d5f00000,0x00000000d5f00000,0x00000000d6080000)
 ParOldGen       total 509952K, used 509690K [0x0000000080000000, 0x000000009f200000, 0x00000000d5580000)
  object space 509952K, 99% used [0x0000000080000000,0x000000009f1beaa8,0x000000009f200000)
 Metaspace       used 86728K, committed 88384K, reserved 1179648K
  class space    used 9479K, committed 10240K, reserved 1048576K
}
Event: 3094.759 GC heap after
{Heap after GC invocations=1643 (full 7):
 PSYoungGen      total 8192K, used 1505K [0x00000000d5580000, 0x00000000d6280000, 0x0000000100000000)
  eden space 6656K, 0% used [0x00000000d5580000,0x00000000d5580000,0x00000000d5c00000)
  from space 1536K, 98% used [0x00000000d5f00000,0x00000000d60785b0,0x00000000d6080000)
  to   space 3072K, 0% used [0x00000000d5c00000,0x00000000d5c00000,0x00000000d5f00000)
 ParOldGen       total 510976K, used 510591K [0x0000000080000000, 0x000000009f300000, 0x00000000d5580000)
  object space 510976K, 99% used [0x0000000080000000,0x000000009f29fcb8,0x000000009f300000)
 Metaspace       used 86728K, committed 88384K, reserved 1179648K
  class space    used 9479K, committed 10240K, reserved 1048576K
}
Event: 3094.782 GC heap before
{Heap before GC invocations=1644 (full 7):
 PSYoungGen      total 8192K, used 8161K [0x00000000d5580000, 0x00000000d6280000, 0x0000000100000000)
  eden space 6656K, 100% used [0x00000000d5580000,0x00000000d5c00000,0x00000000d5c00000)
  from space 1536K, 98% used [0x00000000d5f00000,0x00000000d60785b0,0x00000000d6080000)
  to   space 3072K, 0% used [0x00000000d5c00000,0x00000000d5c00000,0x00000000d5f00000)
 ParOldGen       total 510976K, used 510591K [0x0000000080000000, 0x000000009f300000, 0x00000000d5580000)
  object space 510976K, 99% used [0x0000000080000000,0x000000009f29fcb8,0x000000009f300000)
 Metaspace       used 86728K, committed 88384K, reserved 1179648K
  class space    used 9479K, committed 10240K, reserved 1048576K
}
Event: 3094.793 GC heap after
{Heap after GC invocations=1644 (full 7):
 PSYoungGen      total 9728K, used 3072K [0x00000000d5580000, 0x00000000d6f00000, 0x0000000100000000)
  eden space 6656K, 0% used [0x00000000d5580000,0x00000000d5580000,0x00000000d5c00000)
  from space 3072K, 100% used [0x00000000d5c00000,0x00000000d5f00000,0x00000000d5f00000)
  to   space 9728K, 0% used [0x00000000d6580000,0x00000000d6580000,0x00000000d6f00000)
 ParOldGen       total 516096K, used 515704K [0x0000000080000000, 0x000000009f800000, 0x00000000d5580000)
  object space 516096K, 99% used [0x0000000080000000,0x000000009f79e278,0x000000009f800000)
 Metaspace       used 86728K, committed 88384K, reserved 1179648K
  class space    used 9479K, committed 10240K, reserved 1048576K
}
Event: 3094.818 GC heap before
{Heap before GC invocations=1645 (full 7):
 PSYoungGen      total 9728K, used 9728K [0x00000000d5580000, 0x00000000d6f00000, 0x0000000100000000)
  eden space 6656K, 100% used [0x00000000d5580000,0x00000000d5c00000,0x00000000d5c00000)
  from space 3072K, 100% used [0x00000000d5c00000,0x00000000d5f00000,0x00000000d5f00000)
  to   space 9728K, 0% used [0x00000000d6580000,0x00000000d6580000,0x00000000d6f00000)
 ParOldGen       total 516096K, used 515704K [0x0000000080000000, 0x000000009f800000, 0x00000000d5580000)
  object space 516096K, 99% used [0x0000000080000000,0x000000009f79e278,0x000000009f800000)
 Metaspace       used 86728K, committed 88384K, reserved 1179648K
  class space    used 9479K, committed 10240K, reserved 1048576K
}
Event: 3094.829 GC heap after
{Heap after GC invocations=1645 (full 7):
 PSYoungGen      total 12800K, used 5728K [0x00000000d5580000, 0x00000000d6b80000, 0x0000000100000000)
  eden space 6656K, 0% used [0x00000000d5580000,0x00000000d5580000,0x00000000d5c00000)
  from space 6144K, 93% used [0x00000000d6580000,0x00000000d6b18000,0x00000000d6b80000)
  to   space 6656K, 0% used [0x00000000d5e80000,0x00000000d5e80000,0x00000000d6500000)
 ParOldGen       total 519168K, used 518832K [0x0000000080000000, 0x000000009fb00000, 0x00000000d5580000)
  object space 519168K, 99% used [0x0000000080000000,0x000000009faac278,0x000000009fb00000)
 Metaspace       used 86728K, committed 88384K, reserved 1179648K
  class space    used 9479K, committed 10240K, reserved 1048576K
}
Event: 3094.868 GC heap before
{Heap before GC invocations=1646 (full 7):
 PSYoungGen      total 12800K, used 12026K [0x00000000d5580000, 0x00000000d6b80000, 0x0000000100000000)
  eden space 6656K, 94% used [0x00000000d5580000,0x00000000d5ba6b98,0x00000000d5c00000)
  from space 6144K, 93% used [0x00000000d6580000,0x00000000d6b18000,0x00000000d6b80000)
  to   space 6656K, 0% used [0x00000000d5e80000,0x00000000d5e80000,0x00000000d6500000)
 ParOldGen       total 519168K, used 518832K [0x0000000080000000, 0x000000009fb00000, 0x00000000d5580000)
  object space 519168K, 99% used [0x0000000080000000,0x000000009faac278,0x000000009fb00000)
 Metaspace       used 86728K, committed 88384K, reserved 1179648K
  class space    used 9479K, committed 10240K, reserved 1048576K
}

Dll operation events (13 events):
Event: 0.012 Loaded shared library c:\Users\ASUS\.vscode\extensions\redhat.java-1.51.0-win32-x64\jre\21.0.9-win32-x86_64\bin\java.dll
Event: 0.092 Loaded shared library c:\Users\ASUS\.vscode\extensions\redhat.java-1.51.0-win32-x64\jre\21.0.9-win32-x86_64\bin\zip.dll
Event: 0.123 Loaded shared library C:\Users\ASUS\.vscode\extensions\redhat.java-1.51.0-win32-x64\jre\21.0.9-win32-x86_64\bin\instrument.dll
Event: 0.131 Loaded shared library C:\Users\ASUS\.vscode\extensions\redhat.java-1.51.0-win32-x64\jre\21.0.9-win32-x86_64\bin\net.dll
Event: 0.134 Loaded shared library C:\Users\ASUS\.vscode\extensions\redhat.java-1.51.0-win32-x64\jre\21.0.9-win32-x86_64\bin\nio.dll
Event: 0.138 Loaded shared library C:\Users\ASUS\.vscode\extensions\redhat.java-1.51.0-win32-x64\jre\21.0.9-win32-x86_64\bin\zip.dll
Event: 0.165 Loaded shared library C:\Users\ASUS\.vscode\extensions\redhat.java-1.51.0-win32-x64\jre\21.0.9-win32-x86_64\bin\jimage.dll
Event: 0.282 Loaded shared library c:\Users\ASUS\.vscode\extensions\redhat.java-1.51.0-win32-x64\jre\21.0.9-win32-x86_64\bin\verify.dll
Event: 10.916 Loaded shared library C:\Users\ASUS\AppData\Roaming\Code\User\globalStorage\redhat.java\1.51.0\config_win\org.eclipse.equinox.launcher\org.eclipse.equinox.launcher.win32.win32.x86_64_1.2.1400.v20250801-0854\eclipse_11916.dll
Event: 23.422 Loaded shared library C:\Users\ASUS\AppData\Local\Temp\jna-2018896\jna10454418567350158163.dll
Event: 28.199 Loaded shared library C:\Users\ASUS\.gradle\native\660c5614fbf4a5f2a75b1949f50a0caf5cd603558e7d8a26e50b933a0cfb79d1\windows-amd64\native-platform.dll
Event: 38.071 Loaded shared library C:\Users\ASUS\.vscode\extensions\redhat.java-1.51.0-win32-x64\jre\21.0.9-win32-x86_64\bin\management.dll
Event: 38.074 Loaded shared library C:\Users\ASUS\.vscode\extensions\redhat.java-1.51.0-win32-x64\jre\21.0.9-win32-x86_64\bin\management_ext.dll

Deoptimization events (20 events):
Event: 3093.456 Thread 0x000001eb0582de40 Uncommon trap: trap_request=0xffffff45 fr.pc=0x000001eb2d6b5d08 relative=0x00000000000000e8
Event: 3093.456 Thread 0x000001eb0582de40 Uncommon trap: reason=unstable_if action=reinterpret pc=0x000001eb2d6b5d08 method=org.eclipse.jdt.internal.compiler.parser.Parser.consumeQualifiedName(Z)V @ 21 c2
Event: 3093.456 Thread 0x000001eb0582de40 DEOPT PACKING pc=0x000001eb2d6b5d08 sp=0x00000004228fe5b0
Event: 3093.456 Thread 0x000001eb0582de40 DEOPT UNPACKING pc=0x000001eb2c1c3aa2 sp=0x00000004228fe550 mode 2
Event: 3093.459 Thread 0x000001eb0582de40 Uncommon trap: trap_request=0xffffffde fr.pc=0x000001eb2cfaa9d4 relative=0x0000000000000e74
Event: 3093.459 Thread 0x000001eb0582de40 Uncommon trap: reason=class_check action=maybe_recompile pc=0x000001eb2cfaa9d4 method=lombok.eclipse.EclipseNode.traverse(Llombok/eclipse/EclipseASTVisitor;)V @ 640 c2
Event: 3093.459 Thread 0x000001eb0582de40 DEOPT PACKING pc=0x000001eb2cfaa9d4 sp=0x00000004228fdee0
Event: 3093.459 Thread 0x000001eb0582de40 DEOPT UNPACKING pc=0x000001eb2c1c3aa2 sp=0x00000004228fde80 mode 2
Event: 3093.459 Thread 0x000001eb0582de40 Uncommon trap: trap_request=0xffffffde fr.pc=0x000001eb2cfaa9d4 relative=0x0000000000000e74
Event: 3093.459 Thread 0x000001eb0582de40 Uncommon trap: reason=class_check action=maybe_recompile pc=0x000001eb2cfaa9d4 method=lombok.eclipse.EclipseNode.traverse(Llombok/eclipse/EclipseASTVisitor;)V @ 640 c2
Event: 3093.459 Thread 0x000001eb0582de40 DEOPT PACKING pc=0x000001eb2cfaa9d4 sp=0x00000004228fde50
Event: 3093.459 Thread 0x000001eb0582de40 DEOPT UNPACKING pc=0x000001eb2c1c3aa2 sp=0x00000004228fddf0 mode 2
Event: 3093.483 Thread 0x000001eb0582d7b0 DEOPT PACKING pc=0x000001eb24ecaa6c sp=0x0000000422afeb30
Event: 3093.483 Thread 0x000001eb0582d7b0 DEOPT UNPACKING pc=0x000001eb2c1c4242 sp=0x0000000422afe070 mode 0
Event: 3093.659 Thread 0x000001eb0582de40 Uncommon trap: trap_request=0xffffffde fr.pc=0x000001eb2d165700 relative=0x0000000000000b80
Event: 3093.659 Thread 0x000001eb0582de40 Uncommon trap: reason=class_check action=maybe_recompile pc=0x000001eb2d165700 method=org.eclipse.jdt.internal.core.Openable.getBuffer()Lorg/eclipse/jdt/core/IBuffer; @ 28 c2
Event: 3093.659 Thread 0x000001eb0582de40 DEOPT PACKING pc=0x000001eb2d165700 sp=0x00000004228fed30
Event: 3093.659 Thread 0x000001eb0582de40 DEOPT UNPACKING pc=0x000001eb2c1c3aa2 sp=0x00000004228fed10 mode 2
Event: 3094.703 Thread 0x000001eb04460120 DEOPT PACKING pc=0x000001eb26d9e8c7 sp=0x00000004204feb80
Event: 3094.703 Thread 0x000001eb04460120 DEOPT UNPACKING pc=0x000001eb2c1c4242 sp=0x00000004204fe078 mode 0

Classes loaded (20 events):
Event: 3055.629 Loading class jdk/internal/module/IllegalAccessLogger
Event: 3055.629 Loading class jdk/internal/module/IllegalAccessLogger done
Event: 3059.399 Loading class jdk/internal/module/IllegalAccessLogger
Event: 3059.399 Loading class jdk/internal/module/IllegalAccessLogger done
Event: 3063.187 Loading class jdk/internal/module/IllegalAccessLogger
Event: 3063.187 Loading class jdk/internal/module/IllegalAccessLogger done
Event: 3069.048 Loading class jdk/internal/module/IllegalAccessLogger
Event: 3069.048 Loading class jdk/internal/module/IllegalAccessLogger done
Event: 3072.552 Loading class jdk/internal/module/IllegalAccessLogger
Event: 3072.553 Loading class jdk/internal/module/IllegalAccessLogger done
Event: 3074.505 Loading class jdk/internal/module/IllegalAccessLogger
Event: 3074.505 Loading class jdk/internal/module/IllegalAccessLogger done
Event: 3079.650 Loading class jdk/internal/module/IllegalAccessLogger
Event: 3079.650 Loading class jdk/internal/module/IllegalAccessLogger done
Event: 3085.422 Loading class jdk/internal/module/IllegalAccessLogger
Event: 3085.422 Loading class jdk/internal/module/IllegalAccessLogger done
Event: 3087.288 Loading class jdk/internal/module/IllegalAccessLogger
Event: 3087.288 Loading class jdk/internal/module/IllegalAccessLogger done
Event: 3089.621 Loading class jdk/internal/module/IllegalAccessLogger
Event: 3089.621 Loading class jdk/internal/module/IllegalAccessLogger done

Classes unloaded (20 events):
Event: 2098.178 Thread 0x000001eb38224800 Unloading class 0x000001eb3a01ec00 'java/lang/invoke/LambdaForm$MH+0x000001eb3a01ec00'
Event: 2098.178 Thread 0x000001eb38224800 Unloading class 0x000001eb3a00d800 'java/lang/invoke/LambdaForm$MH+0x000001eb3a00d800'
Event: 2098.178 Thread 0x000001eb38224800 Unloading class 0x000001eb3a00d400 'java/lang/invoke/LambdaForm$MH+0x000001eb3a00d400'
Event: 2098.178 Thread 0x000001eb38224800 Unloading class 0x000001eb3a00d000 'java/lang/invoke/LambdaForm$MH+0x000001eb3a00d000'
Event: 2098.178 Thread 0x000001eb38224800 Unloading class 0x000001eb3a00cc00 'java/lang/invoke/LambdaForm$MH+0x000001eb3a00cc00'
Event: 2098.178 Thread 0x000001eb38224800 Unloading class 0x000001eb3a00c800 'java/lang/invoke/LambdaForm$BMH+0x000001eb3a00c800'
Event: 2098.178 Thread 0x000001eb38224800 Unloading class 0x000001eb3a00c000 'java/lang/invoke/LambdaForm$DMH+0x000001eb3a00c000'
Event: 2098.178 Thread 0x000001eb38224800 Unloading class 0x000001eb3a008c00 'java/lang/invoke/LambdaForm$MH+0x000001eb3a008c00'
Event: 2098.178 Thread 0x000001eb38224800 Unloading class 0x000001eb3a008800 'java/lang/invoke/LambdaForm$MH+0x000001eb3a008800'
Event: 2098.178 Thread 0x000001eb38224800 Unloading class 0x000001eb3a008400 'java/lang/invoke/LambdaForm$MH+0x000001eb3a008400'
Event: 2098.178 Thread 0x000001eb38224800 Unloading class 0x000001eb3a007000 'java/lang/invoke/LambdaForm$MH+0x000001eb3a007000'
Event: 2098.178 Thread 0x000001eb38224800 Unloading class 0x000001eb3a006800 'java/lang/invoke/LambdaForm$MH+0x000001eb3a006800'
Event: 2098.178 Thread 0x000001eb38224800 Unloading class 0x000001eb3a006400 'java/lang/invoke/LambdaForm$MH+0x000001eb3a006400'
Event: 2098.178 Thread 0x000001eb38224800 Unloading class 0x000001eb3a006000 'java/lang/invoke/LambdaForm$MH+0x000001eb3a006000'
Event: 2098.178 Thread 0x000001eb38224800 Unloading class 0x000001eb3a005c00 'java/lang/invoke/LambdaForm$BMH+0x000001eb3a005c00'
Event: 2098.178 Thread 0x000001eb38224800 Unloading class 0x000001eb3a004800 'java/lang/invoke/LambdaForm$DMH+0x000001eb3a004800'
Event: 2098.178 Thread 0x000001eb38224800 Unloading class 0x000001eb3a002800 'java/lang/invoke/LambdaForm$MH+0x000001eb3a002800'
Event: 2098.178 Thread 0x000001eb38224800 Unloading class 0x000001eb3a002400 'java/lang/invoke/LambdaForm$MH+0x000001eb3a002400'
Event: 2098.178 Thread 0x000001eb38224800 Unloading class 0x000001eb3a002000 'java/lang/invoke/LambdaForm$MH+0x000001eb3a002000'
Event: 2098.178 Thread 0x000001eb38224800 Unloading class 0x000001eb3a001800 'java/lang/invoke/LambdaForm$MH+0x000001eb3a001800'

Classes redefined (0 events):
No events

Internal exceptions (20 events):
Event: 3063.387 Thread 0x000001eb04460120 Exception <a 'sun/nio/fs/WindowsException'{0x00000000d55a80d0}> (0x00000000d55a80d0) 
thrown [s\src\hotspot\share\prims\jni.cpp, line 520]
Event: 3067.454 Thread 0x000001eb0582de40 Implicit null exception at 0x000001eb2c74c041 to 0x000001eb2c74c468
Event: 3068.869 Thread 0x000001eb04460120 Exception <a 'sun/nio/fs/WindowsException'{0x00000000d5be35a8}> (0x00000000d5be35a8) 
thrown [s\src\hotspot\share\prims\jni.cpp, line 520]
Event: 3069.167 Thread 0x000001eb04460120 Exception <a 'sun/nio/fs/WindowsException'{0x00000000d56e9fa0}> (0x00000000d56e9fa0) 
thrown [s\src\hotspot\share\prims\jni.cpp, line 520]
Event: 3072.408 Thread 0x000001eb04460120 Exception <a 'sun/nio/fs/WindowsException'{0x00000000d573a858}> (0x00000000d573a858) 
thrown [s\src\hotspot\share\prims\jni.cpp, line 520]
Event: 3072.734 Thread 0x000001eb04460120 Exception <a 'sun/nio/fs/WindowsException'{0x00000000d58e9628}> (0x00000000d58e9628) 
thrown [s\src\hotspot\share\prims\jni.cpp, line 520]
Event: 3074.361 Thread 0x000001eb04460120 Exception <a 'sun/nio/fs/WindowsException'{0x00000000d589b8a8}> (0x00000000d589b8a8) 
thrown [s\src\hotspot\share\prims\jni.cpp, line 520]
Event: 3074.659 Thread 0x000001eb04460120 Exception <a 'sun/nio/fs/WindowsException'{0x00000000d57dfea8}> (0x00000000d57dfea8) 
thrown [s\src\hotspot\share\prims\jni.cpp, line 520]
Event: 3079.486 Thread 0x000001eb04460120 Exception <a 'sun/nio/fs/WindowsException'{0x00000000d572f320}> (0x00000000d572f320) 
thrown [s\src\hotspot\share\prims\jni.cpp, line 520]
Event: 3079.845 Thread 0x000001eb04460120 Exception <a 'sun/nio/fs/WindowsException'{0x00000000d587e2a0}> (0x00000000d587e2a0) 
thrown [s\src\hotspot\share\prims\jni.cpp, line 520]
Event: 3083.302 Thread 0x000001eb0582de40 Implicit null exception at 0x000001eb2d338a22 to 0x000001eb2d338e44
Event: 3085.212 Thread 0x000001eb04460120 Exception <a 'sun/nio/fs/WindowsException'{0x00000000d55c05c0}> (0x00000000d55c05c0) 
thrown [s\src\hotspot\share\prims\jni.cpp, line 520]
Event: 3085.488 Thread 0x000001eb04460120 Exception <a 'sun/nio/fs/WindowsException'{0x00000000d57ef920}> (0x00000000d57ef920) 
thrown [s\src\hotspot\share\prims\jni.cpp, line 520]
Event: 3087.137 Thread 0x000001eb04460120 Exception <a 'sun/nio/fs/WindowsException'{0x00000000d5875420}> (0x00000000d5875420) 
thrown [s\src\hotspot\share\prims\jni.cpp, line 520]
Event: 3087.481 Thread 0x000001eb04460120 Exception <a 'sun/nio/fs/WindowsException'{0x00000000d58af060}> (0x00000000d58af060) 
thrown [s\src\hotspot\share\prims\jni.cpp, line 520]
Event: 3089.475 Thread 0x000001eb04460120 Exception <a 'sun/nio/fs/WindowsException'{0x00000000d55f9fd8}> (0x00000000d55f9fd8) 
thrown [s\src\hotspot\share\prims\jni.cpp, line 520]
Event: 3089.822 Thread 0x000001eb04460120 Exception <a 'sun/nio/fs/WindowsException'{0x00000000d57b4920}> (0x00000000d57b4920) 
thrown [s\src\hotspot\share\prims\jni.cpp, line 520]
Event: 3093.596 Thread 0x000001eb0582ff10 Exception <a 'java/lang/ArrayIndexOutOfBoundsException'{0x00000000d5606d88}> (0x00000000d5606d88) 
thrown [s\src\hotspot\share\runtime\sharedRuntime.cpp, line 625]
Event: 3093.860 Thread 0x000001eb0582ff10 Exception <a 'java/lang/ArrayIndexOutOfBoundsException'{0x00000000d5a40468}> (0x00000000d5a40468) 
thrown [s\src\hotspot\share\runtime\sharedRuntime.cpp, line 625]
Event: 3094.746 Thread 0x000001eb04460120 Exception <a 'sun/nio/fs/WindowsException'{0x00000000d5a4c150}> (0x00000000d5a4c150) 
thrown [s\src\hotspot\share\prims\jni.cpp, line 520]

ZGC Phase Switch (0 events):
No events

VM Operations (20 events):
Event: 3093.298 Executing VM operation: ParallelGCFailedAllocation (Allocation Failure) done
Event: 3093.323 Executing VM operation: ParallelGCFailedAllocation (Allocation Failure)
Event: 3093.326 Executing VM operation: ParallelGCFailedAllocation (Allocation Failure) done
Event: 3093.351 Executing VM operation: ParallelGCFailedAllocation (Allocation Failure)
Event: 3093.354 Executing VM operation: ParallelGCFailedAllocation (Allocation Failure) done
Event: 3093.370 Executing VM operation: ParallelGCFailedAllocation (Allocation Failure)
Event: 3093.372 Executing VM operation: ParallelGCFailedAllocation (Allocation Failure) done
Event: 3093.391 Executing VM operation: ParallelGCFailedAllocation (Allocation Failure)
Event: 3093.394 Executing VM operation: ParallelGCFailedAllocation (Allocation Failure) done
Event: 3093.496 Executing VM operation: ParallelGCFailedAllocation (Allocation Failure)
Event: 3093.499 Executing VM operation: ParallelGCFailedAllocation (Allocation Failure) done
Event: 3094.139 Executing VM operation: ParallelGCFailedAllocation (Allocation Failure)
Event: 3094.143 Executing VM operation: ParallelGCFailedAllocation (Allocation Failure) done
Event: 3094.754 Executing VM operation: ParallelGCFailedAllocation (Allocation Failure)
Event: 3094.759 Executing VM operation: ParallelGCFailedAllocation (Allocation Failure) done
Event: 3094.782 Executing VM operation: ParallelGCFailedAllocation (Allocation Failure)
Event: 3094.793 Executing VM operation: ParallelGCFailedAllocation (Allocation Failure) done
Event: 3094.818 Executing VM operation: ParallelGCFailedAllocation (Allocation Failure)
Event: 3094.829 Executing VM operation: ParallelGCFailedAllocation (Allocation Failure) done
Event: 3094.868 Executing VM operation: ParallelGCFailedAllocation (Allocation Failure)

Memory protections (0 events):
No events

Nmethod flushes (20 events):
Event: 3059.310 Thread 0x000001eb38224800 flushing  nmethod 0x000001eb26109310
Event: 3059.310 Thread 0x000001eb38224800 flushing  nmethod 0x000001eb26125b90
Event: 3059.310 Thread 0x000001eb38224800 flushing  nmethod 0x000001eb26229b10
Event: 3059.310 Thread 0x000001eb38224800 flushing  nmethod 0x000001eb262a5a90
Event: 3059.310 Thread 0x000001eb38224800 flushing  nmethod 0x000001eb262e1e90
Event: 3059.310 Thread 0x000001eb38224800 flushing  nmethod 0x000001eb26434a90
Event: 3059.310 Thread 0x000001eb38224800 flushing  nmethod 0x000001eb2647a710
Event: 3059.310 Thread 0x000001eb38224800 flushing  nmethod 0x000001eb26494c10
Event: 3059.310 Thread 0x000001eb38224800 flushing  nmethod 0x000001eb26499e10
Event: 3059.310 Thread 0x000001eb38224800 flushing  nmethod 0x000001eb264c1e90
Event: 3059.310 Thread 0x000001eb38224800 flushing  nmethod 0x000001eb2650a510
Event: 3059.310 Thread 0x000001eb38224800 flushing  nmethod 0x000001eb26522c10
Event: 3059.310 Thread 0x000001eb38224800 flushing  nmethod 0x000001eb2654e690
Event: 3059.310 Thread 0x000001eb38224800 flushing  nmethod 0x000001eb2656c690
Event: 3059.310 Thread 0x000001eb38224800 flushing  nmethod 0x000001eb265d8a90
Event: 3059.310 Thread 0x000001eb38224800 flushing  nmethod 0x000001eb2664ac90
Event: 3059.310 Thread 0x000001eb38224800 flushing  nmethod 0x000001eb2673d910
Event: 3059.310 Thread 0x000001eb38224800 flushing  nmethod 0x000001eb26acf990
Event: 3059.310 Thread 0x000001eb38224800 flushing  nmethod 0x000001eb26b05b90
Event: 3059.310 Thread 0x000001eb38224800 flushing osr nmethod 0x000001eb26dcda90

Events (20 events):
Event: 3057.187 Thread 0x000001eb0573a4e0 Thread exited: 0x000001eb0573a4e0
Event: 3067.104 Thread 0x000001eb040374e0 Thread added: 0x000001eb05739740
Event: 3067.104 Thread 0x000001eb040374e0 Thread added: 0x000001eb05739e10
Event: 3067.864 Thread 0x000001eb05739e10 Thread exited: 0x000001eb05739e10
Event: 3068.560 Thread 0x000001eb05739740 Thread exited: 0x000001eb05739740
Event: 3070.615 Thread 0x000001eb040374e0 Thread added: 0x000001eb057389a0
Event: 3070.628 Thread 0x000001eb04034780 Thread added: 0x000001eb05739740
Event: 3071.115 Thread 0x000001eb05739740 Thread exited: 0x000001eb05739740
Event: 3071.115 Thread 0x000001eb057389a0 Thread exited: 0x000001eb057389a0
Event: 3080.831 Thread 0x000001eb040374e0 Thread added: 0x000001eb05737c00
Event: 3080.831 Thread 0x000001eb040374e0 Thread added: 0x000001eb0573abb0
Event: 3081.174 Thread 0x000001eb0573abb0 Thread exited: 0x000001eb0573abb0
Event: 3081.174 Thread 0x000001eb05737c00 Thread exited: 0x000001eb05737c00
Event: 3082.193 Thread 0x000001eb07c692b0 Thread added: 0x000001eb08abaa50
Event: 3092.328 Thread 0x000001eb04034780 Thread added: 0x000001eb0573abb0
Event: 3092.328 Thread 0x000001eb04034780 Thread added: 0x000001eb05737c00
Event: 3092.560 Thread 0x000001eb05737c00 Thread exited: 0x000001eb05737c00
Event: 3092.860 Thread 0x000001eb0573abb0 Thread exited: 0x000001eb0573abb0
Event: 3093.361 Thread 0x000001eb040374e0 Thread added: 0x000001eb057382d0
Event: 3094.137 Thread 0x000001eb057382d0 Thread exited: 0x000001eb057382d0


Dynamic libraries:
0x00007ff6fd500000 - 0x00007ff6fd50e000 	c:\Users\ASUS\.vscode\extensions\redhat.java-1.51.0-win32-x64\jre\21.0.9-win32-x86_64\bin\java.exe
0x00007ffca6f40000 - 0x00007ffca71a7000 	C:\WINDOWS\SYSTEM32\ntdll.dll
0x00007ffca5820000 - 0x00007ffca58e9000 	C:\WINDOWS\System32\KERNEL32.DLL
0x00007ffca42c0000 - 0x00007ffca46af000 	C:\WINDOWS\System32\KERNELBASE.dll
0x00007ffca48f0000 - 0x00007ffca4a3b000 	C:\WINDOWS\System32\ucrtbase.dll
0x00007ffc8e200000 - 0x00007ffc8e21e000 	c:\Users\ASUS\.vscode\extensions\redhat.java-1.51.0-win32-x64\jre\21.0.9-win32-x86_64\bin\VCRUNTIME140.dll
0x00007ffc8d110000 - 0x00007ffc8d128000 	c:\Users\ASUS\.vscode\extensions\redhat.java-1.51.0-win32-x64\jre\21.0.9-win32-x86_64\bin\jli.dll
0x00007ffca6560000 - 0x00007ffca6725000 	C:\WINDOWS\System32\USER32.dll
0x00007ffc91e90000 - 0x00007ffc92123000 	C:\WINDOWS\WinSxS\amd64_microsoft.windows.common-controls_6595b64144ccf1df_6.0.26100.7309_none_3e05feeae336a044\COMCTL32.dll
0x00007ffca4140000 - 0x00007ffca4167000 	C:\WINDOWS\System32\win32u.dll
0x00007ffca64b0000 - 0x00007ffca6559000 	C:\WINDOWS\System32\msvcrt.dll
0x00007ffca6e90000 - 0x00007ffca6ebb000 	C:\WINDOWS\System32\GDI32.dll
0x00007ffca4a40000 - 0x00007ffca4b6c000 	C:\WINDOWS\System32\gdi32full.dll
0x00007ffca4840000 - 0x00007ffca48e3000 	C:\WINDOWS\System32\msvcp_win.dll
0x00007ffca4e90000 - 0x00007ffca4ec1000 	C:\WINDOWS\System32\IMM32.DLL
0x00007ffc986a0000 - 0x00007ffc986ac000 	c:\Users\ASUS\.vscode\extensions\redhat.java-1.51.0-win32-x64\jre\21.0.9-win32-x86_64\bin\vcruntime140_1.dll
0x00007ffc69880000 - 0x00007ffc6990d000 	c:\Users\ASUS\.vscode\extensions\redhat.java-1.51.0-win32-x64\jre\21.0.9-win32-x86_64\bin\msvcp140.dll
0x00007ffc338d0000 - 0x00007ffc34670000 	c:\Users\ASUS\.vscode\extensions\redhat.java-1.51.0-win32-x64\jre\21.0.9-win32-x86_64\bin\server\jvm.dll
0x00007ffca62c0000 - 0x00007ffca6374000 	C:\WINDOWS\System32\ADVAPI32.dll
0x00007ffca6400000 - 0x00007ffca64a6000 	C:\WINDOWS\System32\sechost.dll
0x00007ffca61a0000 - 0x00007ffca62b8000 	C:\WINDOWS\System32\RPCRT4.dll
0x00007ffca4dc0000 - 0x00007ffca4e34000 	C:\WINDOWS\System32\WS2_32.dll
0x00007ffca3ef0000 - 0x00007ffca3f4e000 	C:\WINDOWS\SYSTEM32\POWRPROF.dll
0x00007ffc9b320000 - 0x00007ffc9b355000 	C:\WINDOWS\SYSTEM32\WINMM.dll
0x00007ffc9e0a0000 - 0x00007ffc9e0ab000 	C:\WINDOWS\SYSTEM32\VERSION.dll
0x00007ffca3ed0000 - 0x00007ffca3ee4000 	C:\WINDOWS\SYSTEM32\UMPDC.dll
0x00007ffca2e40000 - 0x00007ffca2e5b000 	C:\WINDOWS\SYSTEM32\kernel.appcore.dll
0x00007ffc98510000 - 0x00007ffc9851a000 	c:\Users\ASUS\.vscode\extensions\redhat.java-1.51.0-win32-x64\jre\21.0.9-win32-x86_64\bin\jimage.dll
0x00007ffca17e0000 - 0x00007ffca1a22000 	C:\WINDOWS\SYSTEM32\DBGHELP.DLL
0x00007ffca5d10000 - 0x00007ffca6096000 	C:\WINDOWS\System32\combase.dll
0x00007ffca5920000 - 0x00007ffca59f6000 	C:\WINDOWS\System32\OLEAUT32.dll
0x00007ffc8a140000 - 0x00007ffc8a17c000 	C:\WINDOWS\SYSTEM32\dbgcore.DLL
0x00007ffca4090000 - 0x00007ffca4135000 	C:\WINDOWS\System32\bcryptPrimitives.dll
0x00007ffc97b00000 - 0x00007ffc97b0f000 	c:\Users\ASUS\.vscode\extensions\redhat.java-1.51.0-win32-x64\jre\21.0.9-win32-x86_64\bin\instrument.dll
0x00007ffc8a7c0000 - 0x00007ffc8a7e0000 	c:\Users\ASUS\.vscode\extensions\redhat.java-1.51.0-win32-x64\jre\21.0.9-win32-x86_64\bin\java.dll
0x00007ffca6730000 - 0x00007ffca6e83000 	C:\WINDOWS\System32\SHELL32.dll
0x00007ffca4b70000 - 0x00007ffca4cda000 	C:\WINDOWS\System32\wintypes.dll
0x00007ffca1c80000 - 0x00007ffca24de000 	C:\WINDOWS\SYSTEM32\windows.storage.dll
0x00007ffca5720000 - 0x00007ffca5815000 	C:\WINDOWS\System32\SHCORE.dll
0x00007ffca6380000 - 0x00007ffca63e6000 	C:\WINDOWS\System32\shlwapi.dll
0x00007ffca3fb0000 - 0x00007ffca3fd9000 	C:\WINDOWS\SYSTEM32\profapi.dll
0x00007ffc8a7a0000 - 0x00007ffc8a7b8000 	c:\Users\ASUS\.vscode\extensions\redhat.java-1.51.0-win32-x64\jre\21.0.9-win32-x86_64\bin\zip.dll
0x00007ffc96880000 - 0x00007ffc96890000 	C:\Users\ASUS\.vscode\extensions\redhat.java-1.51.0-win32-x64\jre\21.0.9-win32-x86_64\bin\net.dll
0x00007ffc9d690000 - 0x00007ffc9d7b8000 	C:\WINDOWS\SYSTEM32\WINHTTP.dll
0x00007ffca33b0000 - 0x00007ffca341b000 	C:\WINDOWS\system32\mswsock.dll
0x00007ffc898c0000 - 0x00007ffc898d6000 	C:\Users\ASUS\.vscode\extensions\redhat.java-1.51.0-win32-x64\jre\21.0.9-win32-x86_64\bin\nio.dll
0x00007ffc96820000 - 0x00007ffc96830000 	c:\Users\ASUS\.vscode\extensions\redhat.java-1.51.0-win32-x64\jre\21.0.9-win32-x86_64\bin\verify.dll
0x00007ffc79580000 - 0x00007ffc795c4000 	C:\Users\ASUS\AppData\Roaming\Code\User\globalStorage\redhat.java\1.51.0\config_win\org.eclipse.equinox.launcher\org.eclipse.equinox.launcher.win32.win32.x86_64_1.2.1400.v20250801-0854\eclipse_11916.dll
0x00007ffca5a00000 - 0x00007ffca5b97000 	C:\WINDOWS\System32\ole32.dll
0x00007ffca3680000 - 0x00007ffca369b000 	C:\WINDOWS\SYSTEM32\CRYPTSP.dll
0x00007ffca2da0000 - 0x00007ffca2dda000 	C:\WINDOWS\system32\rsaenh.dll
0x00007ffca3460000 - 0x00007ffca348b000 	C:\WINDOWS\SYSTEM32\USERENV.dll
0x00007ffca3f80000 - 0x00007ffca3faa000 	C:\WINDOWS\SYSTEM32\bcrypt.dll
0x00007ffca3670000 - 0x00007ffca367c000 	C:\WINDOWS\SYSTEM32\CRYPTBASE.dll
0x00007ffca2800000 - 0x00007ffca2834000 	C:\WINDOWS\SYSTEM32\IPHLPAPI.DLL
0x00007ffca51f0000 - 0x00007ffca51fa000 	C:\WINDOWS\System32\NSI.dll
0x00007ffc6fa20000 - 0x00007ffc6fa69000 	C:\Users\ASUS\AppData\Local\Temp\jna-2018896\jna10454418567350158163.dll
0x00007ffca5910000 - 0x00007ffca5918000 	C:\WINDOWS\System32\PSAPI.DLL
0x00007ffc9de20000 - 0x00007ffc9de3e000 	C:\WINDOWS\SYSTEM32\dhcpcsvc6.DLL
0x00007ffc9d860000 - 0x00007ffc9d883000 	C:\WINDOWS\SYSTEM32\dhcpcsvc.DLL
0x00007ffc840f0000 - 0x00007ffc84117000 	C:\Users\ASUS\.gradle\native\660c5614fbf4a5f2a75b1949f50a0caf5cd603558e7d8a26e50b933a0cfb79d1\windows-amd64\native-platform.dll
0x00007ffc96660000 - 0x00007ffc9666a000 	C:\Users\ASUS\.vscode\extensions\redhat.java-1.51.0-win32-x64\jre\21.0.9-win32-x86_64\bin\management.dll
0x00007ffc96480000 - 0x00007ffc9648c000 	C:\Users\ASUS\.vscode\extensions\redhat.java-1.51.0-win32-x64\jre\21.0.9-win32-x86_64\bin\management_ext.dll

JVMTI agents:
c:\Users\ASUS\.vscode\extensions\redhat.java-1.51.0-win32-x64\lombok\lombok-1.18.39-4050.jar path:c:\Users\ASUS\.vscode\extensions\redhat.java-1.51.0-win32-x64\jre\21.0.9-win32-x86_64\bin\instrument.dll, loaded, initialized, instrumentlib options:none

dbghelp: loaded successfully - version: 4.0.5 - missing functions: none
symbol engine: initialized successfully - sym options: 0x614 - pdb path: .;c:\Users\ASUS\.vscode\extensions\redhat.java-1.51.0-win32-x64\jre\21.0.9-win32-x86_64\bin;C:\WINDOWS\SYSTEM32;C:\WINDOWS\WinSxS\amd64_microsoft.windows.common-controls_6595b64144ccf1df_6.0.26100.7309_none_3e05feeae336a044;c:\Users\ASUS\.vscode\extensions\redhat.java-1.51.0-win32-x64\jre\21.0.9-win32-x86_64\bin\server;C:\Users\ASUS\AppData\Roaming\Code\User\globalStorage\redhat.java\1.51.0\config_win\org.eclipse.equinox.launcher\org.eclipse.equinox.launcher.win32.win32.x86_64_1.2.1400.v20250801-0854;C:\Users\ASUS\AppData\Local\Temp\jna-2018896;C:\Users\ASUS\.gradle\native\660c5614fbf4a5f2a75b1949f50a0caf5cd603558e7d8a26e50b933a0cfb79d1\windows-amd64

VM Arguments:
jvm_args: --add-modules=ALL-SYSTEM --add-opens=java.base/java.util=ALL-UNNAMED --add-opens=java.base/java.lang=ALL-UNNAMED --add-opens=java.base/sun.nio.fs=ALL-UNNAMED -Declipse.application=org.eclipse.jdt.ls.core.id1 -Dosgi.bundles.defaultStartLevel=4 -Declipse.product=org.eclipse.jdt.ls.core.product -Djava.import.generatesMetadataFilesAtProjectRoot=false -DDetectVMInstallationsJob.disabled=true -Dfile.encoding=utf8 -XX:+UseParallelGC -XX:GCTimeRatio=4 -XX:AdaptiveSizePolicyWeight=90 -Dsun.zip.disableMemoryMapping=true -Xmx2G -Xms100m -Xlog:disable -javaagent:c:\Users\ASUS\.vscode\extensions\redhat.java-1.51.0-win32-x64\lombok\lombok-1.18.39-4050.jar -XX:+HeapDumpOnOutOfMemoryError -XX:HeapDumpPath=c:\Users\ASUS\AppData\Roaming\Code\User\workspaceStorage\0756d9bf317ab265a75947ad770f0b5d\redhat.java -Daether.dependencyCollector.impl=bf 
java_command: c:\Users\ASUS\.vscode\extensions\redhat.java-1.51.0-win32-x64\server\plugins\org.eclipse.equinox.launcher_1.7.100.v20251111-0406.jar -configuration c:\Users\ASUS\AppData\Roaming\Code\User\globalStorage\redhat.java\1.51.0\config_win -data c:\Users\ASUS\AppData\Roaming\Code\User\workspaceStorage\0756d9bf317ab265a75947ad770f0b5d\redhat.java\jdt_ws --pipe=\\.\pipe\lsp-d0447ef1d2ea5aff2749b37a0e32e88c-sock
java_class_path (initial): c:\Users\ASUS\.vscode\extensions\redhat.java-1.51.0-win32-x64\server\plugins\org.eclipse.equinox.launcher_1.7.100.v20251111-0406.jar
Launcher Type: SUN_STANDARD

[Global flags]
    uintx AdaptiveSizePolicyWeight                 = 90                                        {product} {command line}
     intx CICompilerCount                          = 4                                         {product} {ergonomic}
    uintx GCTimeRatio                              = 4                                         {product} {command line}
     bool HeapDumpOnOutOfMemoryError               = true                                   {manageable} {command line}
    ccstr HeapDumpPath                             = c:\Users\ASUS\AppData\Roaming\Code\User\workspaceStorage\0756d9bf317ab265a75947ad770f0b5d\redhat.java         {manageable} {command line}
   size_t InitialHeapSize                          = 104857600                                 {product} {command line}
   size_t MaxHeapSize                              = 2147483648                                {product} {command line}
   size_t MaxNewSize                               = 715653120                                 {product} {ergonomic}
   size_t MinHeapDeltaBytes                        = 524288                                    {product} {ergonomic}
   size_t MinHeapSize                              = 104857600                                 {product} {command line}
   size_t NewSize                                  = 34603008                                  {product} {ergonomic}
    uintx NonNMethodCodeHeapSize                   = 5839372                                {pd product} {ergonomic}
    uintx NonProfiledCodeHeapSize                  = 122909434                              {pd product} {ergonomic}
   size_t OldSize                                  = 70254592                                  {product} {ergonomic}
    uintx ProfiledCodeHeapSize                     = 122909434                              {pd product} {ergonomic}
    uintx ReservedCodeCacheSize                    = 251658240                              {pd product} {ergonomic}
     bool SegmentedCodeCache                       = true                                      {product} {ergonomic}
   size_t SoftMaxHeapSize                          = 2147483648                             {manageable} {ergonomic}
     bool UseCompressedOops                        = true                           {product lp64_product} {ergonomic}
     bool UseLargePagesIndividualAllocation        = false                                  {pd product} {ergonomic}
     bool UseParallelGC                            = true                                      {product} {command line}

Logging:
Log output configuration:
 #0: stdout all=off uptime,level,tags foldmultilines=false
 #1: stderr all=off uptime,level,tags foldmultilines=false

Release file:
JAVA_VERSION="21.0.9" 
MODULES="java.base java.compiler java.datatransfer java.xml java.prefs java.desktop java.instrument java.logging java.management java.security.sasl java.naming java.rmi java.management.rmi java.net.http java.scripting java.security.jgss java.transaction.xa java.sql java.sql.rowset java.xml.crypto java.se java.smartcardio jdk.accessibility jdk.internal.jvmstat jdk.attach jdk.charsets jdk.internal.opt jdk.zipfs jdk.compiler jdk.crypto.ec jdk.crypto.cryptoki jdk.crypto.mscapi jdk.dynalink jdk.internal.ed jdk.editpad jdk.hotspot.agent jdk.httpserver jdk.internal.le jdk.internal.vm.ci jdk.internal.vm.compiler jdk.internal.vm.compiler.management jdk.jartool jdk.javadoc jdk.jcmd jdk.management jdk.management.agent jdk.jconsole jdk.jdeps jdk.jdwp.agent jdk.jdi jdk.jfr jdk.jshell jdk.jsobject jdk.jstatd jdk.localedata jdk.management.jfr jdk.naming.dns jdk.naming.rmi jdk.net jdk.nio.mapmode jdk.random jdk.sctp jdk.security.auth jdk.security.jgss jdk.unsupported jdk.unsupported.desktop jdk.xml.dom" 

Environment Variables:
JAVA_HOME=C:\Program Files\Java\jdk-21
PATH=C:\Program Files\Common Files\Oracle\Java\javapath;C:\WINDOWS\system32;C:\WINDOWS;C:\WINDOWS\System32\Wbem;C:\WINDOWS\System32\WindowsPowerShell\v1.0\;C:\WINDOWS\System32\OpenSSH\;C:\Program Files\apache-maven-3.9.12-bin\apache-maven-3.9.12\bin;C:\Program Files\Java\jdk-21\bin;C:\Program Files\nodejs\;C:\Program Files\Git\cmd;C:\Program Files\Docker\Docker\resources\bin;C:\Program Files\MySQL\MySQL Server 8.0\bin;C:\Users\ASUS\AppData\Local\Microsoft\WindowsApps;C:\Users\ASUS\AppData\Local\Programs\Microsoft VS Code\bin;C:\Program Files\apache-maven-3.9.12-bin\apache-maven-3.9.12\bin;C:\Users\ASUS\AppData\Roaming\npm
USERNAME=ASUS
OS=Windows_NT
PROCESSOR_IDENTIFIER=AMD64 Family 23 Model 104 Stepping 1, AuthenticAMD
TMP=C:\Users\ASUS\AppData\Local\Temp
TEMP=C:\Users\ASUS\AppData\Local\Temp




Periodic native trim disabled

---------------  S Y S T E M  ---------------

OS:
 Windows 11 , 64 bit Build 26100 (10.0.26100.7623)
OS uptime: 0 days 23:14 hours
Hyper-V role detected

CPU: total 12 (initial active 12) (12 cores per cpu, 2 threads per core) family 23 model 104 stepping 1 microcode 0x8608104, cx8, cmov, fxsr, ht, mmx, 3dnowpref, sse, sse2, sse3, ssse3, sse4a, sse4.1, sse4.2, popcnt, lzcnt, tsc, tscinvbit, avx, avx2, aes, clmul, bmi1, bmi2, adx, sha, fma, vzeroupper, clflush, clflushopt, hv, rdtscp, rdpid, f16c
Processor Information for processor 0
  Max Mhz: 2100, Current Mhz: 2100, Mhz Limit: 2100
Processor Information for processor 1
  Max Mhz: 2100, Current Mhz: 1813, Mhz Limit: 2100
Processor Information for processor 2
  Max Mhz: 2100, Current Mhz: 2100, Mhz Limit: 2100
Processor Information for processor 3
  Max Mhz: 2100, Current Mhz: 2100, Mhz Limit: 2100
Processor Information for processor 4
  Max Mhz: 2100, Current Mhz: 2100, Mhz Limit: 2100
Processor Information for processor 5
  Max Mhz: 2100, Current Mhz: 1813, Mhz Limit: 2100
Processor Information for processor 6
  Max Mhz: 2100, Current Mhz: 2100, Mhz Limit: 2100
Processor Information for processor 7
  Max Mhz: 2100, Current Mhz: 2100, Mhz Limit: 2100
Processor Information for processor 8
  Max Mhz: 2100, Current Mhz: 2100, Mhz Limit: 2100
Processor Information for processor 9
  Max Mhz: 2100, Current Mhz: 2100, Mhz Limit: 2100
Processor Information for processor 10
  Max Mhz: 2100, Current Mhz: 1813, Mhz Limit: 2100
Processor Information for processor 11
  Max Mhz: 2100, Current Mhz: 1813, Mhz Limit: 2100

Memory: 4k page, system-wide physical 7561M (1450M free)
TotalPageFile size 16563M (AvailPageFile size 5619M)
current process WorkingSet (physical memory assigned to process): 859M, peak: 1684M
current process commit charge ("private bytes"): 927M, peak: 1767M

vm_info: OpenJDK 64-Bit Server VM (21.0.9+10-LTS) for windows-amd64 JRE (21.0.9+10-LTS), built on 2025-10-21T00:00:00Z by "admin" with unknown MS VC++:1942

END.
