#
# A fatal error has been detected by the Java Runtime Environment:
#
#  EXCEPTION_ACCESS_VIOLATION (0xc0000005) at pc=0x00007ffc33fe4b14, pid=7700, tid=3272
#
# JRE version: OpenJDK Runtime Environment Temurin-21.0.9+10 (21.0.9+10) (build 21.0.9+10-LTS)
# Java VM: OpenJDK 64-Bit Server VM Temurin-21.0.9+10 (21.0.9+10-LTS, mixed mode, sharing, tiered, compressed oops, compressed class ptrs, parallel gc, windows-amd64)
# Problematic frame:
# V  [jvm.dll+0x714b14]
#
# No core dump will be written. Minidumps are not enabled by default on client versions of Windows
#
# If you would like to submit a bug report, please visit:
#   https://github.com/adoptium/adoptium-support/issues
#

---------------  S U M M A R Y ------------

Command Line: --add-modules=ALL-SYSTEM --add-opens=java.base/java.util=ALL-UNNAMED --add-opens=java.base/java.lang=ALL-UNNAMED --add-opens=java.base/sun.nio.fs=ALL-UNNAMED -Declipse.application=org.eclipse.jdt.ls.core.id1 -Dosgi.bundles.defaultStartLevel=4 -Declipse.product=org.eclipse.jdt.ls.core.product -Djava.import.generatesMetadataFilesAtProjectRoot=false -DDetectVMInstallationsJob.disabled=true -Dfile.encoding=utf8 -XX:+UseParallelGC -XX:GCTimeRatio=4 -XX:AdaptiveSizePolicyWeight=90 -Dsun.zip.disableMemoryMapping=true -Xmx2G -Xms100m -Xlog:disable -javaagent:c:\Users\ASUS\.vscode\extensions\redhat.java-1.51.0-win32-x64\lombok\lombok-1.18.39-4050.jar -XX:+HeapDumpOnOutOfMemoryError -XX:HeapDumpPath=c:\Users\ASUS\AppData\Roaming\Code\User\workspaceStorage\0756d9bf317ab265a75947ad770f0b5d\redhat.java -Daether.dependencyCollector.impl=bf c:\Users\ASUS\.vscode\extensions\redhat.java-1.51.0-win32-x64\server\plugins\org.eclipse.equinox.launcher_1.7.100.v20251111-0406.jar -configuration c:\Users\ASUS\AppData\Roaming\Code\User\globalStorage\redhat.java\1.51.0\config_win -data c:\Users\ASUS\AppData\Roaming\Code\User\workspaceStorage\0756d9bf317ab265a75947ad770f0b5d\redhat.java\jdt_ws --pipe=\\.\pipe\lsp-b546937304ea1f695a136a71d4e3a4bc-sock

Host: AMD Ryzen 5 5500U with Radeon Graphics         , 12 cores, 7G,  Windows 11 , 64 bit Build 26100 (10.0.26100.7623)
Time: Fri Jan 16 17:28:49 2026 SE Asia Standard Time elapsed time: 1247.428160 seconds (0d 0h 20m 47s)

---------------  T H R E A D  ---------------

Current thread (0x00000208da480180):  WorkerThread "GC Thread#8"    [id=3272, stack(0x000000213ba00000,0x000000213bb00000) (1024K)]

Stack: [0x000000213ba00000,0x000000213bb00000],  sp=0x000000213baff500,  free space=1021k
Native frames: (J=compiled Java code, j=interpreted, Vv=VM code, C=native code)
V  [jvm.dll+0x714b14]
V  [jvm.dll+0x70a79a]
V  [jvm.dll+0x70ad32]
V  [jvm.dll+0x71752e]
V  [jvm.dll+0x8e2bd1]
V  [jvm.dll+0x85e9ad]
V  [jvm.dll+0x6d565d]
C  [ucrtbase.dll+0x37b0]
C  [KERNEL32.DLL+0x2e8d7]
C  [ntdll.dll+0x8c53c]


siginfo: EXCEPTION_ACCESS_VIOLATION (0xc0000005), reading address 0x00000000d5d71080


Registers:
RAX=0x000000000000001c, RBX=0x00000000aa86b638, RCX=0x0000000000000000, RDX=0x00000000d5d71080
RSP=0x000000213baff500, RBP=0x00000000aa870000, RSI=0x000000000001c7bb, RDI=0x00000208973e1300
R8 =0x0000000000000000, R9 =0x0000000000000001, R10=0x0000020898000000, R11=0x00000208973e1300
R12=0x0000000000000010, R13=0x000000000000000c, R14=0x000000213baff648, R15=0x0000000000000040
RIP=0x00007ffc33fe4b14, EFLAGS=0x0000000000010202

XMM[0]=0x0000000d00002708 0x0000000000000009
XMM[1]=0x000000460000003d 0x0000002b00000024
XMM[2]=0x0000000000000000 0x0000000000000000
XMM[3]=0x0000000000000000 0x0000000000000000
XMM[4]=0x0000000000000000 0x0000000000000000
XMM[5]=0x0000004e0000004d 0x000000460000003d
XMM[6]=0x0000000000000000 0x0000000000000000
XMM[7]=0x0000000000000000 0x0000000000000000
XMM[8]=0x0000000000000000 0x0000000000000000
XMM[9]=0x0000000000000000 0x0000000000000000
XMM[10]=0x0000000000000000 0x0000000000000000
XMM[11]=0x0000000000000000 0x0000000000000000
XMM[12]=0x0000000000000000 0x0000000000000000
XMM[13]=0x0000000000000000 0x0000000000000000
XMM[14]=0x0000000000000000 0x0000000000000000
XMM[15]=0x0000000000000000 0x0000000000000000
  MXCSR=0x00001fa0


Register to memory mapping:

RAX=0x000000000000001c is an unknown value
RBX=0x00000000aa86b638 is pointing into object: [Ljava.lang.Object; 
{0x00000000aa82ae40} - klass: 'java/lang/Object'[]
 - length: 90196
RCX=0x0 is null
RDX=0x00000000d5d71080 is an unallocated location in the heap
RSP=0x000000213baff500 points into unknown readable memory: 0x00000000aa86b640 | 40 b6 86 aa 00 00 00 00
RBP=0x00000000aa870000 is pointing into object: [Ljava.lang.Object; 
{0x00000000aa82ae40} - klass: 'java/lang/Object'[]
 - length: 90196
RSI=0x000000000001c7bb is an unknown value
RDI=0x00000208973e1300 points into unknown readable memory: 0x00007ffc34369b38 | 38 9b 36 34 fc 7f 00 00
R8 =0x0 is null
R9 =0x0000000000000001 is an unknown value
R10=0x0000020898000000 is pointing into metadata
R11=0x00000208973e1300 points into unknown readable memory: 0x00007ffc34369b38 | 38 9b 36 34 fc 7f 00 00
R12=0x0000000000000010 is an unknown value
R13=0x000000000000000c is an unknown value
R14=0x000000213baff648 points into unknown readable memory: 0x000000213b5ab2c8 | c8 b2 5a 3b 21 00 00 00
R15=0x0000000000000040 is an unknown value

Top of Stack: (sp=0x000000213baff500)
0x000000213baff500:   00000000aa86b640 00000000aa860000
0x000000213baff510:   0000000000000009 000000213baff501
0x000000213baff520:   00000000aa870000 000000213baff648
0x000000213baff530:   00000208973e1300 0000000000000006
0x000000213baff540:   00000000aa882fa0 00000000aa860000
0x000000213baff550:   00000000aa870000 00007ffc33fda79a
0x000000213baff560:   000000213baff6e0 0000000000000040
0x000000213baff570:   00000000aa860000 00000000aa82ae40
0x000000213baff580:   00000000aa870000 00007ffca6f4d872
0x000000213baff590:   00000000aa870000 000000213baff6f0
0x000000213baff5a0:   000002088096a240 00000000aa860000
0x000000213baff5b0:   000000213baff648 00007ffca700ee84
0x000000213baff5c0:   0000020000000009 0000000000000000
0x000000213baff5d0:   0000000200020000 0000000000020000
0x000000213baff5e0:   0000000000000002 0000000200000200
0x000000213baff5f0:   0000000000000000 0000000000020000
0x000000213baff600:   0000000200020000 0002020000000000
0x000000213baff610:   0000000000000000 0000000000000002
0x000000213baff620:   0000000002000002 0000000000000000
0x000000213baff630:   0000000200020000 0000000000000000
0x000000213baff640:   0000000002020000 000000213b5ab2c8
0x000000213baff650:   0000314d42cc63ef 00007ffc34072054
0x000000213baff660:   000000c5b45c8413 00000208973e1300
0x000000213baff670:   00000000ab05efa0 0000000000014000
0x000000213baff680:   00000208804782f8 00000000aa870000
0x000000213baff690:   00000000000a0000 000002088096a240
0x000000213baff6a0:   00000000aa860000 00007ffc33fdad32
0x000000213baff6b0:   0000000000000000 000002088096a240
0x000000213baff6c0:   0000020880477f00 00000000aafe0000
0x000000213baff6d0:   00000000aa870000 00000208da480180
0x000000213baff6e0:   00000000aa82ae40 00000000aa882fa0
0x000000213baff6f0:   000000213baff6e0 000000213baff778 

Instructions: (pc=0x00007ffc33fe4b14)
0x00007ffc33fe4a14:   45 c5 4c 63 74 18 fe 49 8b c4 44 3b b7 30 03 00
0x00007ffc33fe4a24:   00 7e 20 41 8b ee 48 8b cf 2b af 2c 03 00 00 84
0x00007ffc33fe4a34:   d2 48 8b d3 49 0f 45 c5 89 6c 18 fe e8 8b 5f ff
0x00007ffc33fe4a44:   ff eb 17 84 d2 41 8b e8 49 0f 45 c5 8b 0c 30 49
0x00007ffc33fe4a54:   8b c4 49 0f 45 c5 89 4c 18 fe 80 3d f1 01 59 00
0x00007ffc33fe4a64:   00 b9 18 00 00 00 48 63 c5 74 46 80 3d 96 50 52
0x00007ffc33fe4a74:   00 00 49 0f 45 cc 48 03 ce 4a 8d 34 b1 48 8d 1c
0x00007ffc33fe4a84:   81 48 3b de 0f 83 c2 fe ff ff 66 90 8b 03 48 3b
0x00007ffc33fe4a94:   05 ff da 5a 00 72 0c 48 8d 53 01 48 8b cf e8 29
0x00007ffc33fe4aa4:   5f ff ff 48 83 c3 04 48 3b de 72 e0 e9 9b fe ff
0x00007ffc33fe4ab4:   ff 80 3d 50 50 52 00 00 49 0f 45 cc 48 03 ce 4a
0x00007ffc33fe4ac4:   8d 34 f1 48 8d 1c c1 48 3b de 0f 83 7c fe ff ff
0x00007ffc33fe4ad4:   48 8b 05 b5 da 5a 00 48 39 03 72 0b 48 8b d3 48
0x00007ffc33fe4ae4:   8b cf e8 e5 5e ff ff 48 83 c3 08 48 3b de 72 e0
0x00007ffc33fe4af4:   e9 57 fe ff ff f6 c3 01 74 5f 8b 53 ff 48 ff cb
0x00007ffc33fe4b04:   8b 0d 1e 35 52 00 48 d3 e2 48 03 15 0c 35 52 00
0x00007ffc33fe4b14:   4c 8b 02 41 0f b6 c0 24 03 3c 03 74 0d 48 8b cf
0x00007ffc33fe4b24:   e8 d7 f1 ff ff 4c 8b c0 eb 05 90 49 83 e0 fc 8b
0x00007ffc33fe4b34:   0d ef 34 52 00 49 8b c0 48 2b 05 dd 34 52 00 48
0x00007ffc33fe4b44:   d3 e8 89 03 48 8b 05 41 da 5a 00 48 3b d8 0f 83
0x00007ffc33fe4b54:   f8 fd ff ff 4c 3b c0 eb 3a 48 8b 13 48 8b 0a 0f
0x00007ffc33fe4b64:   b6 c1 24 03 3c 03 74 10 4c 8b c1 48 8b cf e8 89
0x00007ffc33fe4b74:   f1 ff ff 48 8b c8 eb 05 90 48 83 e1 fc 48 89 0b
0x00007ffc33fe4b84:   48 8b 05 05 da 5a 00 48 3b d8 0f 83 bc fd ff ff
0x00007ffc33fe4b94:   48 3b c8 0f 82 b3 fd ff ff 8b 0d 95 1e 58 00 48
0x00007ffc33fe4ba4:   8b 05 d6 d9 5a 00 48 d3 eb 48 8b 48 30 c6 04 0b
0x00007ffc33fe4bb4:   02 e9 96 fd ff ff 48 8b 44 24 60 48 89 87 60 01
0x00007ffc33fe4bc4:   00 00 8b 87 60 01 00 00 48 83 bf 18 03 00 00 00
0x00007ffc33fe4bd4:   0f 85 76 fb ff ff 48 8b 5c 24 78 48 83 c4 20 41
0x00007ffc33fe4be4:   5f 41 5e 41 5d 41 5c 5f 5e 5d c3 cc 8b c1 48 c1
0x00007ffc33fe4bf4:   e0 0a 48 03 05 53 d9 5a 00 c3 cc cc 40 53 41 57
0x00007ffc33fe4c04:   48 83 ec 28 48 8b 05 29 ce 5a 00 44 8b 3d 0a ff 


Stack slot to memory mapping:

stack at sp + 0 slots: 0x00000000aa86b640 is pointing into object: [Ljava.lang.Object; 
{0x00000000aa82ae40} - klass: 'java/lang/Object'[]
 - length: 90196
stack at sp + 1 slots: 0x00000000aa860000 is pointing into object: [Ljava.lang.Object; 
{0x00000000aa82ae40} - klass: 'java/lang/Object'[]
 - length: 90196
stack at sp + 2 slots: 0x0000000000000009 is an unknown value
stack at sp + 3 slots: 0x000000213baff501 points into unknown readable memory: b6 86 aa 00 00 00 00
stack at sp + 4 slots: 0x00000000aa870000 is pointing into object: [Ljava.lang.Object; 
{0x00000000aa82ae40} - klass: 'java/lang/Object'[]
 - length: 90196
stack at sp + 5 slots: 0x000000213baff648 points into unknown readable memory: 0x000000213b5ab2c8 | c8 b2 5a 3b 21 00 00 00
stack at sp + 6 slots: 0x00000208973e1300 points into unknown readable memory: 0x00007ffc34369b38 | 38 9b 36 34 fc 7f 00 00
stack at sp + 7 slots: 0x0000000000000006 is an unknown value


---------------  P R O C E S S  ---------------

Threads class SMR info:
_java_thread_list=0x00000208ecff17c0, length=60, elements={
0x000002088094ad70, 0x00000208da3244b0, 0x00000208da3253c0, 0x00000208da32ad90,
0x00000208da32cb20, 0x00000208da330720, 0x00000208da336560, 0x00000208da33b5a0,
0x00000208da33de00, 0x00000208da56bd30, 0x00000208da6aa1d0, 0x00000208daee7660,
0x00000208daef4b80, 0x00000208da57e220, 0x00000208da367110, 0x00000208dab11450,
0x00000208df5eeea0, 0x00000208df1f7b70, 0x00000208daec65f0, 0x00000208df1a95c0,
0x00000208df1ab000, 0x00000208df1ac3b0, 0x00000208df1aa2e0, 0x00000208e1eebc60,
0x00000208e1ee9b90, 0x00000208e1eeaf40, 0x00000208e1eeb5d0, 0x00000208e1eec2f0,
0x00000208e1eec980, 0x00000208e1ee9500, 0x00000208e1eea8b0, 0x00000208e1eea220,
0x00000208e1eeea50, 0x00000208e1eefe00, 0x00000208e1eef0e0, 0x00000208e1eed6a0,
0x00000208e1eed010, 0x00000208df1ab690, 0x00000208e3238cc0, 0x00000208e3237fa0,
0x00000208e3237910, 0x00000208e3235ed0, 0x00000208e3237280, 0x00000208e32399e0,
0x00000208e3f90550, 0x00000208e3f91f90, 0x00000208df1a9c50, 0x00000208df1abd20,
0x00000208df1aca40, 0x00000208e2500c00, 0x00000208e2501fb0, 0x00000208e2500570,
0x00000208e24feb30, 0x00000208e2502cd0, 0x00000208e2501290, 0x00000208e24ff850,
0x00000208e2503360, 0x00000208e2504080, 0x00000208e2504da0, 0x00000208e2506150
}

Java Threads: ( => current thread )
  0x000002088094ad70 JavaThread "main"                              [_thread_blocked, id=9084, stack(0x000000213a000000,0x000000213a100000) (1024K)]
  0x00000208da3244b0 JavaThread "Reference Handler"          daemon [_thread_blocked, id=15832, stack(0x000000213a400000,0x000000213a500000) (1024K)]
  0x00000208da3253c0 JavaThread "Finalizer"                  daemon [_thread_blocked, id=12128, stack(0x000000213a500000,0x000000213a600000) (1024K)]
  0x00000208da32ad90 JavaThread "Signal Dispatcher"          daemon [_thread_blocked, id=3120, stack(0x000000213a600000,0x000000213a700000) (1024K)]
  0x00000208da32cb20 JavaThread "Attach Listener"            daemon [_thread_blocked, id=16952, stack(0x000000213a700000,0x000000213a800000) (1024K)]
  0x00000208da330720 JavaThread "Service Thread"             daemon [_thread_blocked, id=13616, stack(0x000000213a800000,0x000000213a900000) (1024K)]
  0x00000208da336560 JavaThread "Monitor Deflation Thread"   daemon [_thread_blocked, id=8108, stack(0x000000213a900000,0x000000213aa00000) (1024K)]
  0x00000208da33b5a0 JavaThread "C2 CompilerThread0"         daemon [_thread_blocked, id=16488, stack(0x000000213aa00000,0x000000213ab00000) (1024K)]
  0x00000208da33de00 JavaThread "C1 CompilerThread0"         daemon [_thread_blocked, id=13204, stack(0x000000213ab00000,0x000000213ac00000) (1024K)]
  0x00000208da56bd30 JavaThread "Common-Cleaner"             daemon [_thread_blocked, id=13060, stack(0x000000213ad00000,0x000000213ae00000) (1024K)]
  0x00000208da6aa1d0 JavaThread "Notification Thread"        daemon [_thread_blocked, id=18856, stack(0x000000213ae00000,0x000000213af00000) (1024K)]
  0x00000208daee7660 JavaThread "Active Thread: Equinox Container: 0292362c-81bd-426c-b6aa-409c22d5f177"        [_thread_blocked, id=13360, stack(0x000000213b600000,0x000000213b700000) (1024K)]
  0x00000208daef4b80 JavaThread "Refresh Thread: Equinox Container: 0292362c-81bd-426c-b6aa-409c22d5f177" daemon [_thread_blocked, id=10128, stack(0x000000213af00000,0x000000213b000000) (1024K)]
  0x00000208da57e220 JavaThread "Framework Event Dispatcher: Equinox Container: 0292362c-81bd-426c-b6aa-409c22d5f177" daemon [_thread_blocked, id=14320, stack(0x000000213b700000,0x000000213b800000) (1024K)]
  0x00000208da367110 JavaThread "Start Level: Equinox Container: 0292362c-81bd-426c-b6aa-409c22d5f177" daemon [_thread_blocked, id=1548, stack(0x000000213b800000,0x000000213b900000) (1024K)]
  0x00000208dab11450 JavaThread "Bundle File Closer"         daemon [_thread_blocked, id=12308, stack(0x000000213bc00000,0x000000213bd00000) (1024K)]
  0x00000208df5eeea0 JavaThread "SCR Component Actor"        daemon [_thread_blocked, id=20024, stack(0x000000213b900000,0x000000213ba00000) (1024K)]
  0x00000208df1f7b70 JavaThread "Worker-JM"                         [_thread_blocked, id=10832, stack(0x000000213bf00000,0x000000213c000000) (1024K)]
  0x00000208daec65f0 JavaThread "JNA Cleaner"                daemon [_thread_blocked, id=6024, stack(0x000000213be00000,0x000000213bf00000) (1024K)]
  0x00000208df1a95c0 JavaThread "Worker-1"                          [_thread_blocked, id=1840, stack(0x000000213c100000,0x000000213c200000) (1024K)]
  0x00000208df1ab000 JavaThread "Java indexing"              daemon [_thread_blocked, id=9148, stack(0x000000213c400000,0x000000213c500000) (1024K)]
  0x00000208df1ac3b0 JavaThread "Thread-1"                   daemon [_thread_in_native, id=12324, stack(0x000000213ca00000,0x000000213cb00000) (1024K)]
  0x00000208df1aa2e0 JavaThread "Thread-2"                   daemon [_thread_in_native, id=8564, stack(0x000000213cb00000,0x000000213cc00000) (1024K)]
  0x00000208e1eebc60 JavaThread "Thread-3"                   daemon [_thread_in_native, id=6328, stack(0x000000213cc00000,0x000000213cd00000) (1024K)]
  0x00000208e1ee9b90 JavaThread "Thread-4"                   daemon [_thread_in_native, id=3496, stack(0x000000213cd00000,0x000000213ce00000) (1024K)]
  0x00000208e1eeaf40 JavaThread "Thread-5"                   daemon [_thread_in_native, id=16308, stack(0x000000213ce00000,0x000000213cf00000) (1024K)]
  0x00000208e1eeb5d0 JavaThread "Thread-6"                   daemon [_thread_in_native, id=8348, stack(0x000000213cf00000,0x000000213d000000) (1024K)]
  0x00000208e1eec2f0 JavaThread "Thread-7"                   daemon [_thread_in_native, id=12548, stack(0x000000213d000000,0x000000213d100000) (1024K)]
  0x00000208e1eec980 JavaThread "Thread-8"                   daemon [_thread_in_native, id=14172, stack(0x000000213d100000,0x000000213d200000) (1024K)]
  0x00000208e1ee9500 JavaThread "Thread-9"                   daemon [_thread_in_native, id=2240, stack(0x000000213d200000,0x000000213d300000) (1024K)]
  0x00000208e1eea8b0 JavaThread "Thread-10"                  daemon [_thread_in_native, id=12364, stack(0x000000213d300000,0x000000213d400000) (1024K)]
  0x00000208e1eea220 JavaThread "Thread-11"                  daemon [_thread_in_native, id=19628, stack(0x000000213d400000,0x000000213d500000) (1024K)]
  0x00000208e1eeea50 JavaThread "Thread-12"                  daemon [_thread_in_native, id=14460, stack(0x000000213d500000,0x000000213d600000) (1024K)]
  0x00000208e1eefe00 JavaThread "Thread-13"                  daemon [_thread_blocked, id=4536, stack(0x000000213d600000,0x000000213d700000) (1024K)]
  0x00000208e1eef0e0 JavaThread "pool-2-thread-1"                   [_thread_blocked, id=3600, stack(0x000000213d700000,0x000000213d800000) (1024K)]
  0x00000208e1eed6a0 JavaThread "WorkspaceEventsHandler"            [_thread_blocked, id=15656, stack(0x000000213da00000,0x000000213db00000) (1024K)]
  0x00000208e1eed010 JavaThread "pool-1-thread-1"                   [_thread_blocked, id=4660, stack(0x000000213db00000,0x000000213dc00000) (1024K)]
  0x00000208df1ab690 JavaThread "ForkJoinPool.commonPool-worker-3" daemon [_thread_blocked, id=7004, stack(0x000000213c300000,0x000000213c400000) (1024K)]
  0x00000208e3238cc0 JavaThread "ForkJoinPool.commonPool-worker-5" daemon [_thread_blocked, id=12804, stack(0x000000213c600000,0x000000213c700000) (1024K)]
  0x00000208e3237fa0 JavaThread "ForkJoinPool.commonPool-worker-6" daemon [_thread_blocked, id=16256, stack(0x000000213c700000,0x000000213c800000) (1024K)]
  0x00000208e3237910 JavaThread "ForkJoinPool.commonPool-worker-8" daemon [_thread_blocked, id=9988, stack(0x000000213dd00000,0x000000213de00000) (1024K)]
  0x00000208e3235ed0 JavaThread "ForkJoinPool.commonPool-worker-9" daemon [_thread_blocked, id=16192, stack(0x000000213de00000,0x000000213df00000) (1024K)]
  0x00000208e3237280 JavaThread "ForkJoinPool.commonPool-worker-10" daemon [_thread_blocked, id=15884, stack(0x000000213df00000,0x000000213e000000) (1024K)]
  0x00000208e32399e0 JavaThread "ForkJoinPool.commonPool-worker-11" daemon [_thread_blocked, id=18828, stack(0x000000213e000000,0x000000213e100000) (1024K)]
  0x00000208e3f90550 JavaThread "Timer-0"                           [_thread_blocked, id=1120, stack(0x0000002140200000,0x0000002140300000) (1024K)]
  0x00000208e3f91f90 JavaThread "Cleaner-0"                  daemon [_thread_blocked, id=17488, stack(0x0000002140300000,0x0000002140400000) (1024K)]
  0x00000208df1a9c50 JavaThread "ForkJoinPool.commonPool-worker-12" daemon [_thread_blocked, id=10592, stack(0x0000002139d00000,0x0000002139e00000) (1024K)]
  0x00000208df1abd20 JavaThread "ForkJoinPool.commonPool-worker-13" daemon [_thread_blocked, id=13792, stack(0x0000002139e00000,0x0000002139f00000) (1024K)]
  0x00000208df1aca40 JavaThread "ForkJoinPool.commonPool-worker-14" daemon [_thread_blocked, id=15960, stack(0x0000002139f00000,0x000000213a000000) (1024K)]
  0x00000208e2500c00 JavaThread "Compiler Source File Reader" daemon [_thread_blocked, id=9304, stack(0x000000213bd00000,0x000000213be00000) (1024K)]
  0x00000208e2501fb0 JavaThread "Compiler Source File Reader" daemon [_thread_blocked, id=6324, stack(0x000000213c900000,0x000000213ca00000) (1024K)]
  0x00000208e2500570 JavaThread "Compiler Source File Reader" daemon [_thread_blocked, id=13304, stack(0x000000213d800000,0x000000213d900000) (1024K)]
  0x00000208e24feb30 JavaThread "Compiler Source File Reader" daemon [_thread_blocked, id=19468, stack(0x000000213d900000,0x000000213da00000) (1024K)]
  0x00000208e2502cd0 JavaThread "Compiler Source File Reader" daemon [_thread_blocked, id=10776, stack(0x000000213dc00000,0x000000213dd00000) (1024K)]
  0x00000208e2501290 JavaThread "Worker-11"                         [_thread_blocked, id=10196, stack(0x000000213c000000,0x000000213c100000) (1024K)]
  0x00000208e24ff850 JavaThread "ForkJoinPool.commonPool-worker-15" daemon [_thread_blocked, id=13552, stack(0x000000213c200000,0x000000213c300000) (1024K)]
  0x00000208e2503360 JavaThread "Compiler Source File Reader" daemon [_thread_blocked, id=12392, stack(0x000000213c500000,0x000000213c600000) (1024K)]
  0x00000208e2504080 JavaThread "Compiler Processing Task"   daemon [_thread_blocked, id=17524, stack(0x000000213c800000,0x000000213c900000) (1024K)]
  0x00000208e2504da0 JavaThread "Worker-12"                         [_thread_blocked, id=12344, stack(0x000000213e100000,0x000000213e200000) (1024K)]
  0x00000208e2506150 JavaThread "Compiler Source File Reader" daemon [_thread_blocked, id=14920, stack(0x000000213e200000,0x000000213e300000) (1024K)]
Total: 60

Other Threads:
  0x0000020880a0e6c0 VMThread "VM Thread"                           [id=2744, stack(0x000000213a300000,0x000000213a400000) (1024K)]
  0x00000208972dba00 WatcherThread "VM Periodic Task Thread"        [id=13624, stack(0x000000213a200000,0x000000213a300000) (1024K)]
  0x000002088096a2c0 WorkerThread "GC Thread#0"                     [id=14004, stack(0x000000213a100000,0x000000213a200000) (1024K)]
  0x00000208da736080 WorkerThread "GC Thread#1"                     [id=12060, stack(0x000000213b000000,0x000000213b100000) (1024K)]
  0x00000208df08aa20 WorkerThread "GC Thread#2"                     [id=10596, stack(0x000000213b100000,0x000000213b200000) (1024K)]
  0x00000208da736420 WorkerThread "GC Thread#3"                     [id=2080, stack(0x000000213b200000,0x000000213b300000) (1024K)]
  0x00000208da7367c0 WorkerThread "GC Thread#4"                     [id=12824, stack(0x000000213b300000,0x000000213b400000) (1024K)]
  0x00000208da736b60 WorkerThread "GC Thread#5"                     [id=4508, stack(0x000000213b400000,0x000000213b500000) (1024K)]
  0x00000208da736f00 WorkerThread "GC Thread#6"                     [id=2020, stack(0x000000213b500000,0x000000213b600000) (1024K)]
  0x00000208daecf160 WorkerThread "GC Thread#7"                     [id=17704, stack(0x000000213ac00000,0x000000213ad00000) (1024K)]
=>0x00000208da480180 WorkerThread "GC Thread#8"                     [id=3272, stack(0x000000213ba00000,0x000000213bb00000) (1024K)]
  0x00000208da480520 WorkerThread "GC Thread#9"                     [id=18872, stack(0x000000213bb00000,0x000000213bc00000) (1024K)]
Total: 12

Threads with active compile tasks:
Total: 0

VM state: at safepoint (normal execution)

VM Mutex/Monitor currently owned by a thread:  ([mutex/lock_event])
[0x00007ffc3458d570] Threads_lock - owner thread: 0x0000020880a0e6c0
[0x00007ffc3458d670] Heap_lock - owner thread: 0x00000208df1ab000

Heap address: 0x0000000080000000, size: 2048 MB, Compressed Oops mode: 32-bit

CDS archive(s) mapped at: [0x0000020898000000-0x0000020898ba0000-0x0000020898ba0000), size 12189696, SharedBaseAddress: 0x0000020898000000, ArchiveRelocationMode: 1.
Compressed class space mapped at: 0x0000020899000000-0x00000208d9000000, reserved size: 1073741824
Narrow klass base: 0x0000020898000000, Narrow klass shift: 0, Narrow klass range: 0x100000000

GC Precious Log:
 CardTable entry size: 512
 CPUs: 12 total, 12 available
 Memory: 7561M
 Large Page Support: Disabled
 NUMA Support: Disabled
 Compressed Oops: Enabled (32-bit)
 Alignments: Space 512K, Generation 512K, Heap 2M
 Heap Min Capacity: 100M
 Heap Initial Capacity: 100M
 Heap Max Capacity: 2G
 Pre-touch: Disabled
 Parallel Workers: 10

Heap:
 PSYoungGen      total 2048K, used 1557K [0x00000000d5580000, 0x00000000d5d00000, 0x0000000100000000)
  eden space 1024K, 89% used [0x00000000d5580000,0x00000000d56655a0,0x00000000d5680000)
  from space 1024K, 62% used [0x00000000d5c00000,0x00000000d5ca0000,0x00000000d5d00000)
  to   space 1536K, 59% used [0x00000000d5a00000,0x00000000d5ae6000,0x00000000d5b80000)
 ParOldGen       total 705536K, used 705403K [0x0000000080000000, 0x00000000ab100000, 0x00000000d5580000)
  object space 705536K, 99% used [0x0000000080000000,0x00000000ab0defa0,0x00000000ab100000)
 Metaspace       used 82092K, committed 83840K, reserved 1179648K
  class space    used 9151K, committed 9920K, reserved 1048576K

Card table byte_map: [0x0000020880320000,0x0000020880730000] _byte_map_base: 0x000002087ff20000

Marking Bits: (ParMarkBitMap*) 0x00007ffc34592460
 Begin Bits: [0x0000020892e00000, 0x0000020894e00000)
 End Bits:   [0x0000020894e00000, 0x0000020896e00000)

Polling page: 0x0000020880110000

Metaspace:

Usage:
  Non-class:     71.23 MB used.
      Class:      8.94 MB used.
       Both:     80.17 MB used.

Virtual space:
  Non-class space:      128.00 MB reserved,      72.19 MB ( 56%) committed,  2 nodes.
      Class space:        1.00 GB reserved,       9.69 MB ( <1%) committed,  1 nodes.
             Both:        1.12 GB reserved,      81.88 MB (  7%) committed. 

Chunk freelists:
   Non-Class:  7.72 MB
       Class:  6.22 MB
        Both:  13.94 MB

MaxMetaspaceSize: unlimited
CompressedClassSpaceSize: 1.00 GB
Initial GC threshold: 21.00 MB
Current GC threshold: 97.31 MB
CDS: on
 - commit_granule_bytes: 65536.
 - commit_granule_words: 8192.
 - virtual_space_node_default_size: 8388608.
 - enlarge_chunks_in_place: 1.
 - use_allocation_guard: 0.


Internal statistics:

num_allocs_failed_limit: 11.
num_arena_births: 1548.
num_arena_deaths: 32.
num_vsnodes_births: 3.
num_vsnodes_deaths: 0.
num_space_committed: 1310.
num_space_uncommitted: 0.
num_chunks_returned_to_freelist: 48.
num_chunks_taken_from_freelist: 5489.
num_chunk_merges: 17.
num_chunk_splits: 3396.
num_chunks_enlarged: 2019.
num_inconsistent_stats: 0.

CodeHeap 'non-profiled nmethods': size=120000Kb used=12674Kb max_used=12674Kb free=107325Kb
 bounds [0x000002088b620000, 0x000002088c290000, 0x0000020892b50000]
CodeHeap 'profiled nmethods': size=120000Kb used=35005Kb max_used=35005Kb free=84994Kb
 bounds [0x0000020883b50000, 0x0000020885d80000, 0x000002088b080000]
CodeHeap 'non-nmethods': size=5760Kb used=1479Kb max_used=1574Kb free=4281Kb
 bounds [0x000002088b080000, 0x000002088b2f0000, 0x000002088b620000]
CodeCache: size=245760Kb, used=49158Kb, max_used=49253Kb, free=196600Kb
 total_blobs=15551, nmethods=14749, adapters=704, full_count=0
Compilation: enabled, stopped_count=0, restarted_count=0

Compilation events (20 events):
Event: 1247.294 Thread 0x00000208da33de00 nmethod 15509 0x0000020885d72e90 code [0x0000020885d73400, 0x0000020885d76880]
Event: 1247.294 Thread 0x00000208da33de00 15511       3       org.eclipse.core.internal.resources.MarkerInfo::checkValidAttribute (124 bytes)
Event: 1247.297 Thread 0x00000208da33de00 nmethod 15511 0x0000020885d77890 code [0x0000020885d77c00, 0x0000020885d79118]
Event: 1247.297 Thread 0x00000208da33de00 15510       3       org.eclipse.core.internal.resources.MarkerAttributeMap::getMap (11 bytes)
Event: 1247.297 Thread 0x00000208da33de00 nmethod 15510 0x0000020885d79790 code [0x0000020885d79940, 0x0000020885d79b80]
Event: 1247.300 Thread 0x00000208da33b5a0 nmethod 15507% 0x000002088c27f690 code [0x000002088c27f860, 0x000002088c27feb8]
Event: 1247.300 Thread 0x00000208da33b5a0 15512   !   4       sun.nio.fs.WindowsPath::getPathForWin32Calls (147 bytes)
Event: 1247.301 Thread 0x00000208da33b5a0 nmethod 15512 0x000002088c280310 code [0x000002088c2804a0, 0x000002088c2805f0]
Event: 1247.312 Thread 0x00000208da33de00 15513       3       com.sun.jna.Pointer::getWideString (10 bytes)
Event: 1247.312 Thread 0x00000208da33de00 nmethod 15513 0x0000020885d79c90 code [0x0000020885d79e40, 0x0000020885d79f80]
Event: 1247.316 Thread 0x00000208da33b5a0 15515       4       org.eclipse.core.internal.events.ResourceDelta::getFlags (11 bytes)
Event: 1247.316 Thread 0x00000208da33de00 15514       3       org.eclipse.core.internal.resources.CharsetManager$ResourceChangeListener::moveSettingsIfDerivedChanged (229 bytes)
Event: 1247.317 Thread 0x00000208da33b5a0 nmethod 15515 0x000002088c280790 code [0x000002088c280920, 0x000002088c2809c0]
Event: 1247.318 Thread 0x00000208da33de00 nmethod 15514 0x0000020885d7a010 code [0x0000020885d7a340, 0x0000020885d7b788]
Event: 1247.363 Thread 0x00000208da33de00 15516   !   3       org.eclipse.lsp4j.jsonrpc.RemoteEndpoint::handleCancellation (136 bytes)
Event: 1247.365 Thread 0x00000208da33de00 nmethod 15516 0x0000020885d7c010 code [0x0000020885d7c400, 0x0000020885d7df18]
Event: 1247.365 Thread 0x00000208da33de00 15517       3       java.util.stream.DistinctOps$1$2::accept (24 bytes)
Event: 1247.366 Thread 0x00000208da33de00 nmethod 15517 0x0000020885d7e990 code [0x0000020885d7eb60, 0x0000020885d7ee48]
Event: 1247.399 Thread 0x00000208da33de00 15518       3       org.eclipse.jdt.ls.core.internal.ParentProcessWatcher$$Lambda/0x00000208993c0cc0::consume (13 bytes)
Event: 1247.400 Thread 0x00000208da33de00 nmethod 15518 0x0000020885d7ef90 code [0x0000020885d7f140, 0x0000020885d7f3d8]

GC Heap History (20 events):
Event: 1246.114 GC heap after
{Heap after GC invocations=594 (full 3):
 PSYoungGen      total 9728K, used 660K [0x00000000d5580000, 0x00000000d6680000, 0x0000000100000000)
  eden space 8704K, 0% used [0x00000000d5580000,0x00000000d5580000,0x00000000d5e00000)
  from space 1024K, 64% used [0x00000000d6480000,0x00000000d6525200,0x00000000d6580000)
  to   space 1024K, 0% used [0x00000000d6580000,0x00000000d6580000,0x00000000d6680000)
 ParOldGen       total 676864K, used 676403K [0x0000000080000000, 0x00000000a9500000, 0x00000000d5580000)
  object space 676864K, 99% used [0x0000000080000000,0x00000000a948ccf0,0x00000000a9500000)
 Metaspace       used 82056K, committed 83776K, reserved 1179648K
  class space    used 9151K, committed 9920K, reserved 1048576K
}
Event: 1246.573 GC heap before
{Heap before GC invocations=595 (full 3):
 PSYoungGen      total 9728K, used 9364K [0x00000000d5580000, 0x00000000d6680000, 0x0000000100000000)
  eden space 8704K, 100% used [0x00000000d5580000,0x00000000d5e00000,0x00000000d5e00000)
  from space 1024K, 64% used [0x00000000d6480000,0x00000000d6525200,0x00000000d6580000)
  to   space 1024K, 0% used [0x00000000d6580000,0x00000000d6580000,0x00000000d6680000)
 ParOldGen       total 676864K, used 676403K [0x0000000080000000, 0x00000000a9500000, 0x00000000d5580000)
  object space 676864K, 99% used [0x0000000080000000,0x00000000a948ccf0,0x00000000a9500000)
 Metaspace       used 82057K, committed 83776K, reserved 1179648K
  class space    used 9151K, committed 9920K, reserved 1048576K
}
Event: 1246.578 GC heap after
{Heap after GC invocations=595 (full 3):
 PSYoungGen      total 9728K, used 836K [0x00000000d5580000, 0x00000000d6680000, 0x0000000100000000)
  eden space 8704K, 0% used [0x00000000d5580000,0x00000000d5580000,0x00000000d5e00000)
  from space 1024K, 81% used [0x00000000d6580000,0x00000000d6651210,0x00000000d6680000)
  to   space 1024K, 0% used [0x00000000d6480000,0x00000000d6480000,0x00000000d6580000)
 ParOldGen       total 677376K, used 676919K [0x0000000080000000, 0x00000000a9580000, 0x00000000d5580000)
  object space 677376K, 99% used [0x0000000080000000,0x00000000a950df00,0x00000000a9580000)
 Metaspace       used 82057K, committed 83776K, reserved 1179648K
  class space    used 9151K, committed 9920K, reserved 1048576K
}
Event: 1247.124 GC heap before
{Heap before GC invocations=596 (full 3):
 PSYoungGen      total 9728K, used 9540K [0x00000000d5580000, 0x00000000d6680000, 0x0000000100000000)
  eden space 8704K, 100% used [0x00000000d5580000,0x00000000d5e00000,0x00000000d5e00000)
  from space 1024K, 81% used [0x00000000d6580000,0x00000000d6651210,0x00000000d6680000)
  to   space 1024K, 0% used [0x00000000d6480000,0x00000000d6480000,0x00000000d6580000)
 ParOldGen       total 677376K, used 676919K [0x0000000080000000, 0x00000000a9580000, 0x00000000d5580000)
  object space 677376K, 99% used [0x0000000080000000,0x00000000a950df00,0x00000000a9580000)
 Metaspace       used 82072K, committed 83840K, reserved 1179648K
  class space    used 9151K, committed 9920K, reserved 1048576K
}
Event: 1247.131 GC heap after
{Heap after GC invocations=596 (full 3):
 PSYoungGen      total 9728K, used 992K [0x00000000d5580000, 0x00000000d6900000, 0x0000000100000000)
  eden space 8704K, 0% used [0x00000000d5580000,0x00000000d5580000,0x00000000d5e00000)
  from space 1024K, 96% used [0x00000000d6480000,0x00000000d65782e8,0x00000000d6580000)
  to   space 3584K, 0% used [0x00000000d6580000,0x00000000d6580000,0x00000000d6900000)
 ParOldGen       total 680960K, used 680624K [0x0000000080000000, 0x00000000a9900000, 0x00000000d5580000)
  object space 680960K, 99% used [0x0000000080000000,0x00000000a98ac208,0x00000000a9900000)
 Metaspace       used 82072K, committed 83840K, reserved 1179648K
  class space    used 9151K, committed 9920K, reserved 1048576K
}
Event: 1247.160 GC heap before
{Heap before GC invocations=597 (full 3):
 PSYoungGen      total 9728K, used 9696K [0x00000000d5580000, 0x00000000d6900000, 0x0000000100000000)
  eden space 8704K, 99% used [0x00000000d5580000,0x00000000d5dfff90,0x00000000d5e00000)
  from space 1024K, 96% used [0x00000000d6480000,0x00000000d65782e8,0x00000000d6580000)
  to   space 3584K, 0% used [0x00000000d6580000,0x00000000d6580000,0x00000000d6900000)
 ParOldGen       total 680960K, used 680624K [0x0000000080000000, 0x00000000a9900000, 0x00000000d5580000)
  object space 680960K, 99% used [0x0000000080000000,0x00000000a98ac208,0x00000000a9900000)
 Metaspace       used 82072K, committed 83840K, reserved 1179648K
  class space    used 9151K, committed 9920K, reserved 1048576K
}
Event: 1247.173 GC heap after
{Heap after GC invocations=597 (full 3):
 PSYoungGen      total 9216K, used 3584K [0x00000000d5580000, 0x00000000d7300000, 0x0000000100000000)
  eden space 5632K, 0% used [0x00000000d5580000,0x00000000d5580000,0x00000000d5b00000)
  from space 3584K, 100% used [0x00000000d6580000,0x00000000d6900000,0x00000000d6900000)
  to   space 10752K, 0% used [0x00000000d5b00000,0x00000000d5b00000,0x00000000d6580000)
 ParOldGen       total 686592K, used 686537K [0x0000000080000000, 0x00000000a9e80000, 0x00000000d5580000)
  object space 686592K, 99% used [0x0000000080000000,0x00000000a9e72500,0x00000000a9e80000)
 Metaspace       used 82072K, committed 83840K, reserved 1179648K
  class space    used 9151K, committed 9920K, reserved 1048576K
}
Event: 1247.206 GC heap before
{Heap before GC invocations=598 (full 3):
 PSYoungGen      total 9216K, used 9149K [0x00000000d5580000, 0x00000000d7300000, 0x0000000100000000)
  eden space 5632K, 98% used [0x00000000d5580000,0x00000000d5aef510,0x00000000d5b00000)
  from space 3584K, 100% used [0x00000000d6580000,0x00000000d6900000,0x00000000d6900000)
  to   space 10752K, 0% used [0x00000000d5b00000,0x00000000d5b00000,0x00000000d6580000)
 ParOldGen       total 686592K, used 686537K [0x0000000080000000, 0x00000000a9e80000, 0x00000000d5580000)
  object space 686592K, 99% used [0x0000000080000000,0x00000000a9e72500,0x00000000a9e80000)
 Metaspace       used 82074K, committed 83840K, reserved 1179648K
  class space    used 9151K, committed 9920K, reserved 1048576K
}
Event: 1247.217 GC heap after
{Heap after GC invocations=598 (full 3):
 PSYoungGen      total 9728K, used 3839K [0x00000000d5580000, 0x00000000d6700000, 0x0000000100000000)
  eden space 5632K, 0% used [0x00000000d5580000,0x00000000d5580000,0x00000000d5b00000)
  from space 4096K, 93% used [0x00000000d5b00000,0x00000000d5ebfd60,0x00000000d5f00000)
  to   space 6144K, 0% used [0x00000000d6100000,0x00000000d6100000,0x00000000d6700000)
 ParOldGen       total 690688K, used 690185K [0x0000000080000000, 0x00000000aa280000, 0x00000000d5580000)
  object space 690688K, 99% used [0x0000000080000000,0x00000000aa202500,0x00000000aa280000)
 Metaspace       used 82074K, committed 83840K, reserved 1179648K
  class space    used 9151K, committed 9920K, reserved 1048576K
}
Event: 1247.238 GC heap before
{Heap before GC invocations=599 (full 3):
 PSYoungGen      total 9728K, used 9471K [0x00000000d5580000, 0x00000000d6700000, 0x0000000100000000)
  eden space 5632K, 99% used [0x00000000d5580000,0x00000000d5affff0,0x00000000d5b00000)
  from space 4096K, 93% used [0x00000000d5b00000,0x00000000d5ebfd60,0x00000000d5f00000)
  to   space 6144K, 0% used [0x00000000d6100000,0x00000000d6100000,0x00000000d6700000)
 ParOldGen       total 690688K, used 690185K [0x0000000080000000, 0x00000000aa280000, 0x00000000d5580000)
  object space 690688K, 99% used [0x0000000080000000,0x00000000aa202500,0x00000000aa280000)
 Metaspace       used 82074K, committed 83840K, reserved 1179648K
  class space    used 9151K, committed 9920K, reserved 1048576K
}
Event: 1247.247 GC heap after
{Heap after GC invocations=599 (full 3):
 PSYoungGen      total 11776K, used 5527K [0x00000000d5580000, 0x00000000d6700000, 0x0000000100000000)
  eden space 5632K, 0% used [0x00000000d5580000,0x00000000d5580000,0x00000000d5b00000)
  from space 6144K, 89% used [0x00000000d6100000,0x00000000d6665f88,0x00000000d6700000)
  to   space 6144K, 0% used [0x00000000d5b00000,0x00000000d5b00000,0x00000000d6100000)
 ParOldGen       total 693760K, used 693435K [0x0000000080000000, 0x00000000aa580000, 0x00000000d5580000)
  object space 693760K, 99% used [0x0000000080000000,0x00000000aa52ece0,0x00000000aa580000)
 Metaspace       used 82074K, committed 83840K, reserved 1179648K
  class space    used 9151K, committed 9920K, reserved 1048576K
}
Event: 1247.341 GC heap before
{Heap before GC invocations=600 (full 3):
 PSYoungGen      total 11776K, used 11159K [0x00000000d5580000, 0x00000000d6700000, 0x0000000100000000)
  eden space 5632K, 100% used [0x00000000d5580000,0x00000000d5b00000,0x00000000d5b00000)
  from space 6144K, 89% used [0x00000000d6100000,0x00000000d6665f88,0x00000000d6700000)
  to   space 6144K, 0% used [0x00000000d5b00000,0x00000000d5b00000,0x00000000d6100000)
 ParOldGen       total 693760K, used 693435K [0x0000000080000000, 0x00000000aa580000, 0x00000000d5580000)
  object space 693760K, 99% used [0x0000000080000000,0x00000000aa52ece0,0x00000000aa580000)
 Metaspace       used 82089K, committed 83840K, reserved 1179648K
  class space    used 9151K, committed 9920K, reserved 1048576K
}
Event: 1247.350 GC heap after
{Heap after GC invocations=600 (full 3):
 PSYoungGen      total 10752K, used 4824K [0x00000000d5580000, 0x00000000d6500000, 0x0000000100000000)
  eden space 5632K, 0% used [0x00000000d5580000,0x00000000d5580000,0x00000000d5b00000)
  from space 5120K, 94% used [0x00000000d5b00000,0x00000000d5fb62c0,0x00000000d6000000)
  to   space 5120K, 0% used [0x00000000d6000000,0x00000000d6000000,0x00000000d6500000)
 ParOldGen       total 694272K, used 694115K [0x0000000080000000, 0x00000000aa600000, 0x00000000d5580000)
  object space 694272K, 99% used [0x0000000080000000,0x00000000aa5d8ce0,0x00000000aa600000)
 Metaspace       used 82089K, committed 83840K, reserved 1179648K
  class space    used 9151K, committed 9920K, reserved 1048576K
}
Event: 1247.370 GC heap before
{Heap before GC invocations=601 (full 3):
 PSYoungGen      total 10752K, used 10456K [0x00000000d5580000, 0x00000000d6500000, 0x0000000100000000)
  eden space 5632K, 100% used [0x00000000d5580000,0x00000000d5b00000,0x00000000d5b00000)
  from space 5120K, 94% used [0x00000000d5b00000,0x00000000d5fb62c0,0x00000000d6000000)
  to   space 5120K, 0% used [0x00000000d6000000,0x00000000d6000000,0x00000000d6500000)
 ParOldGen       total 694272K, used 694115K [0x0000000080000000, 0x00000000aa600000, 0x00000000d5580000)
  object space 694272K, 99% used [0x0000000080000000,0x00000000aa5d8ce0,0x00000000aa600000)
 Metaspace       used 82092K, committed 83840K, reserved 1179648K
  class space    used 9151K, committed 9920K, reserved 1048576K
}
Event: 1247.381 GC heap after
{Heap after GC invocations=601 (full 3):
 PSYoungGen      total 5632K, used 5120K [0x00000000d5580000, 0x00000000d7280000, 0x0000000100000000)
  eden space 512K, 0% used [0x00000000d5580000,0x00000000d5580000,0x00000000d5600000)
  from space 5120K, 100% used [0x00000000d6000000,0x00000000d6500000,0x00000000d6500000)
  to   space 10240K, 0% used [0x00000000d5600000,0x00000000d5600000,0x00000000d6000000)
 ParOldGen       total 699392K, used 699195K [0x0000000080000000, 0x00000000aab00000, 0x00000000d5580000)
  object space 699392K, 99% used [0x0000000080000000,0x00000000aaacefa0,0x00000000aab00000)
 Metaspace       used 82092K, committed 83840K, reserved 1179648K
  class space    used 9151K, committed 9920K, reserved 1048576K
}
Event: 1247.383 GC heap before
{Heap before GC invocations=602 (full 3):
 PSYoungGen      total 5632K, used 5632K [0x00000000d5580000, 0x00000000d7280000, 0x0000000100000000)
  eden space 512K, 100% used [0x00000000d5580000,0x00000000d5600000,0x00000000d5600000)
  from space 5120K, 100% used [0x00000000d6000000,0x00000000d6500000,0x00000000d6500000)
  to   space 10240K, 0% used [0x00000000d5600000,0x00000000d5600000,0x00000000d6000000)
 ParOldGen       total 699392K, used 699195K [0x0000000080000000, 0x00000000aab00000, 0x00000000d5580000)
  object space 699392K, 99% used [0x0000000080000000,0x00000000aaacefa0,0x00000000aab00000)
 Metaspace       used 82092K, committed 83840K, reserved 1179648K
  class space    used 9151K, committed 9920K, reserved 1048576K
}
Event: 1247.391 GC heap after
{Heap after GC invocations=602 (full 3):
 PSYoungGen      total 1536K, used 608K [0x00000000d5580000, 0x00000000d6080000, 0x0000000100000000)
  eden space 512K, 0% used [0x00000000d5580000,0x00000000d5580000,0x00000000d5600000)
  from space 1024K, 59% used [0x00000000d5600000,0x00000000d5698000,0x00000000d5700000)
  to   space 4608K, 0% used [0x00000000d5c00000,0x00000000d5c00000,0x00000000d6080000)
 ParOldGen       total 704512K, used 704379K [0x0000000080000000, 0x00000000ab000000, 0x00000000d5580000)
  object space 704512K, 99% used [0x0000000080000000,0x00000000aafdefa0,0x00000000ab000000)
 Metaspace       used 82092K, committed 83840K, reserved 1179648K
  class space    used 9151K, committed 9920K, reserved 1048576K
}
Event: 1247.394 GC heap before
{Heap before GC invocations=603 (full 3):
 PSYoungGen      total 1536K, used 1120K [0x00000000d5580000, 0x00000000d6080000, 0x0000000100000000)
  eden space 512K, 100% used [0x00000000d5580000,0x00000000d5600000,0x00000000d5600000)
  from space 1024K, 59% used [0x00000000d5600000,0x00000000d5698000,0x00000000d5700000)
  to   space 4608K, 0% used [0x00000000d5c00000,0x00000000d5c00000,0x00000000d6080000)
 ParOldGen       total 704512K, used 704379K [0x0000000080000000, 0x00000000ab000000, 0x00000000d5580000)
  object space 704512K, 99% used [0x0000000080000000,0x00000000aafdefa0,0x00000000ab000000)
 Metaspace       used 82092K, committed 83840K, reserved 1179648K
  class space    used 9151K, committed 9920K, reserved 1048576K
}
Event: 1247.398 GC heap after
{Heap after GC invocations=603 (full 3):
 PSYoungGen      total 2048K, used 640K [0x00000000d5580000, 0x00000000d5d00000, 0x0000000100000000)
  eden space 1024K, 0% used [0x00000000d5580000,0x00000000d5580000,0x00000000d5680000)
  from space 1024K, 62% used [0x00000000d5c00000,0x00000000d5ca0000,0x00000000d5d00000)
  to   space 1536K, 0% used [0x00000000d5a00000,0x00000000d5a00000,0x00000000d5b80000)
 ParOldGen       total 705024K, used 704891K [0x0000000080000000, 0x00000000ab080000, 0x00000000d5580000)
  object space 705024K, 99% used [0x0000000080000000,0x00000000ab05efa0,0x00000000ab080000)
 Metaspace       used 82092K, committed 83840K, reserved 1179648K
  class space    used 9151K, committed 9920K, reserved 1048576K
}
Event: 1247.404 GC heap before
{Heap before GC invocations=604 (full 3):
 PSYoungGen      total 2048K, used 1557K [0x00000000d5580000, 0x00000000d5d00000, 0x0000000100000000)
  eden space 1024K, 89% used [0x00000000d5580000,0x00000000d56655a0,0x00000000d5680000)
  from space 1024K, 62% used [0x00000000d5c00000,0x00000000d5ca0000,0x00000000d5d00000)
  to   space 1536K, 0% used [0x00000000d5a00000,0x00000000d5a00000,0x00000000d5b80000)
 ParOldGen       total 705024K, used 704891K [0x0000000080000000, 0x00000000ab080000, 0x00000000d5580000)
  object space 705024K, 99% used [0x0000000080000000,0x00000000ab05efa0,0x00000000ab080000)
 Metaspace       used 82092K, committed 83840K, reserved 1179648K
  class space    used 9151K, committed 9920K, reserved 1048576K
}

Dll operation events (13 events):
Event: 0.146 Loaded shared library c:\Users\ASUS\.vscode\extensions\redhat.java-1.51.0-win32-x64\jre\21.0.9-win32-x86_64\bin\java.dll
Event: 0.244 Loaded shared library c:\Users\ASUS\.vscode\extensions\redhat.java-1.51.0-win32-x64\jre\21.0.9-win32-x86_64\bin\zip.dll
Event: 0.271 Loaded shared library C:\Users\ASUS\.vscode\extensions\redhat.java-1.51.0-win32-x64\jre\21.0.9-win32-x86_64\bin\instrument.dll
Event: 0.381 Loaded shared library C:\Users\ASUS\.vscode\extensions\redhat.java-1.51.0-win32-x64\jre\21.0.9-win32-x86_64\bin\net.dll
Event: 0.480 Loaded shared library C:\Users\ASUS\.vscode\extensions\redhat.java-1.51.0-win32-x64\jre\21.0.9-win32-x86_64\bin\nio.dll
Event: 0.485 Loaded shared library C:\Users\ASUS\.vscode\extensions\redhat.java-1.51.0-win32-x64\jre\21.0.9-win32-x86_64\bin\zip.dll
Event: 0.508 Loaded shared library C:\Users\ASUS\.vscode\extensions\redhat.java-1.51.0-win32-x64\jre\21.0.9-win32-x86_64\bin\jimage.dll
Event: 0.672 Loaded shared library c:\Users\ASUS\.vscode\extensions\redhat.java-1.51.0-win32-x64\jre\21.0.9-win32-x86_64\bin\verify.dll
Event: 14.321 Loaded shared library C:\Users\ASUS\AppData\Roaming\Code\User\globalStorage\redhat.java\1.51.0\config_win\org.eclipse.equinox.launcher\org.eclipse.equinox.launcher.win32.win32.x86_64_1.2.1400.v20250801-0854\eclipse_11916.dll
Event: 25.605 Loaded shared library C:\Users\ASUS\AppData\Local\Temp\jna-2018896\jna2303062392747411452.dll
Event: 57.110 Loaded shared library C:\Users\ASUS\.vscode\extensions\redhat.java-1.51.0-win32-x64\jre\21.0.9-win32-x86_64\bin\management.dll
Event: 57.182 Loaded shared library C:\Users\ASUS\.vscode\extensions\redhat.java-1.51.0-win32-x64\jre\21.0.9-win32-x86_64\bin\management_ext.dll
Event: 471.169 Loaded shared library C:\Users\ASUS\.gradle\native\660c5614fbf4a5f2a75b1949f50a0caf5cd603558e7d8a26e50b933a0cfb79d1\windows-amd64\native-platform.dll

Deoptimization events (20 events):
Event: 1247.280 Thread 0x00000208e2501290 Uncommon trap: trap_request=0xffffffbe fr.pc=0x000002088c27eed8 relative=0x00000000000001b8
Event: 1247.280 Thread 0x00000208e2501290 Uncommon trap: reason=profile_predicate action=maybe_recompile pc=0x000002088c27eed8 method=org.eclipse.jdt.internal.compiler.util.SimpleSetOfCharArray.asArray([Ljava/lang/Object;)V @ 61 c2
Event: 1247.280 Thread 0x00000208e2501290 DEOPT PACKING pc=0x000002088c27eed8 sp=0x000000213c0fcce0
Event: 1247.280 Thread 0x00000208e2501290 DEOPT UNPACKING pc=0x000002088b0d3aa2 sp=0x000000213c0fcc70 mode 2
Event: 1247.280 Thread 0x00000208e2501290 Uncommon trap: trap_request=0xffffffbe fr.pc=0x000002088c27eed8 relative=0x00000000000001b8
Event: 1247.280 Thread 0x00000208e2501290 Uncommon trap: reason=profile_predicate action=maybe_recompile pc=0x000002088c27eed8 method=org.eclipse.jdt.internal.compiler.util.SimpleSetOfCharArray.asArray([Ljava/lang/Object;)V @ 61 c2
Event: 1247.280 Thread 0x00000208e2501290 DEOPT PACKING pc=0x000002088c27eed8 sp=0x000000213c0fcb70
Event: 1247.280 Thread 0x00000208e2501290 DEOPT UNPACKING pc=0x000002088b0d3aa2 sp=0x000000213c0fcb00 mode 2
Event: 1247.280 Thread 0x00000208e2501290 Uncommon trap: trap_request=0xffffffbe fr.pc=0x000002088c27eed8 relative=0x00000000000001b8
Event: 1247.280 Thread 0x00000208e2501290 Uncommon trap: reason=profile_predicate action=maybe_recompile pc=0x000002088c27eed8 method=org.eclipse.jdt.internal.compiler.util.SimpleSetOfCharArray.asArray([Ljava/lang/Object;)V @ 61 c2
Event: 1247.280 Thread 0x00000208e2501290 DEOPT PACKING pc=0x000002088c27eed8 sp=0x000000213c0fcce0
Event: 1247.281 Thread 0x00000208e2501290 DEOPT UNPACKING pc=0x000002088b0d3aa2 sp=0x000000213c0fcc70 mode 2
Event: 1247.281 Thread 0x00000208e2501290 Uncommon trap: trap_request=0xffffffbe fr.pc=0x000002088c27eed8 relative=0x00000000000001b8
Event: 1247.281 Thread 0x00000208e2501290 Uncommon trap: reason=profile_predicate action=maybe_recompile pc=0x000002088c27eed8 method=org.eclipse.jdt.internal.compiler.util.SimpleSetOfCharArray.asArray([Ljava/lang/Object;)V @ 61 c2
Event: 1247.281 Thread 0x00000208e2501290 DEOPT PACKING pc=0x000002088c27eed8 sp=0x000000213c0fcb70
Event: 1247.281 Thread 0x00000208e2501290 DEOPT UNPACKING pc=0x000002088b0d3aa2 sp=0x000000213c0fcb00 mode 2
Event: 1247.288 Thread 0x00000208e2504080 Uncommon trap: trap_request=0xffffffd6 fr.pc=0x000002088c27f42c relative=0x00000000000001ec
Event: 1247.288 Thread 0x00000208e2504080 Uncommon trap: reason=array_check action=maybe_recompile pc=0x000002088c27f42c method=org.eclipse.jdt.internal.compiler.util.SimpleSetOfCharArray.asArray([Ljava/lang/Object;)V @ 54 c2
Event: 1247.288 Thread 0x00000208e2504080 DEOPT PACKING pc=0x000002088c27f42c sp=0x000000213c8fe210
Event: 1247.288 Thread 0x00000208e2504080 DEOPT UNPACKING pc=0x000002088b0d3aa2 sp=0x000000213c8fe198 mode 2

Classes loaded (20 events):
Event: 749.645 Loading class java/util/stream/Nodes$CollectorTask done
Event: 749.645 Loading class java/util/stream/Nodes$CollectorTask$OfRef done
Event: 749.649 Loading class java/util/function/LongFunction
Event: 749.650 Loading class java/util/function/LongFunction done
Event: 749.650 Loading class java/util/stream/Nodes$ConcNode
Event: 749.650 Loading class java/util/stream/Nodes$AbstractConcNode
Event: 749.650 Loading class java/util/stream/Nodes$AbstractConcNode done
Event: 749.650 Loading class java/util/stream/Nodes$ConcNode done
Event: 985.504 Loading class jdk/internal/module/IllegalAccessLogger
Event: 985.504 Loading class jdk/internal/module/IllegalAccessLogger done
Event: 987.412 Loading class jdk/internal/module/IllegalAccessLogger
Event: 987.412 Loading class jdk/internal/module/IllegalAccessLogger done
Event: 990.949 Loading class jdk/internal/module/IllegalAccessLogger
Event: 990.949 Loading class jdk/internal/module/IllegalAccessLogger done
Event: 1010.321 Loading class jdk/internal/module/IllegalAccessLogger
Event: 1010.321 Loading class jdk/internal/module/IllegalAccessLogger done
Event: 1239.743 Loading class jdk/internal/module/IllegalAccessLogger
Event: 1239.743 Loading class jdk/internal/module/IllegalAccessLogger done
Event: 1247.285 Loading class jdk/internal/module/IllegalAccessLogger
Event: 1247.285 Loading class jdk/internal/module/IllegalAccessLogger done

Classes unloaded (16 events):
Event: 26.108 Thread 0x0000020880a0e6c0 Unloading class 0x00000208991a5000 'java/lang/invoke/LambdaForm$MH+0x00000208991a5000'
Event: 26.108 Thread 0x0000020880a0e6c0 Unloading class 0x00000208991a4c00 'java/lang/invoke/LambdaForm$MH+0x00000208991a4c00'
Event: 26.108 Thread 0x0000020880a0e6c0 Unloading class 0x00000208991a4800 'java/lang/invoke/LambdaForm$MH+0x00000208991a4800'
Event: 26.108 Thread 0x0000020880a0e6c0 Unloading class 0x00000208991a4400 'java/lang/invoke/LambdaForm$MH+0x00000208991a4400'
Event: 26.108 Thread 0x0000020880a0e6c0 Unloading class 0x00000208991a4000 'java/lang/invoke/LambdaForm$BMH+0x00000208991a4000'
Event: 26.108 Thread 0x0000020880a0e6c0 Unloading class 0x00000208991a3c00 'java/lang/invoke/LambdaForm$DMH+0x00000208991a3c00'
Event: 26.108 Thread 0x0000020880a0e6c0 Unloading class 0x00000208991a2800 'java/lang/invoke/LambdaForm$DMH+0x00000208991a2800'
Event: 27.282 Thread 0x0000020880a0e6c0 Unloading class 0x00000208993a4800 'java/lang/invoke/LambdaForm$MH+0x00000208993a4800'
Event: 27.282 Thread 0x0000020880a0e6c0 Unloading class 0x00000208993a3c00 'java/lang/invoke/LambdaForm$MH+0x00000208993a3c00'
Event: 27.282 Thread 0x0000020880a0e6c0 Unloading class 0x00000208993a3400 'java/lang/invoke/LambdaForm$MH+0x00000208993a3400'
Event: 27.282 Thread 0x0000020880a0e6c0 Unloading class 0x00000208993a2c00 'java/lang/invoke/LambdaForm$MH+0x00000208993a2c00'
Event: 27.282 Thread 0x0000020880a0e6c0 Unloading class 0x00000208993a2800 'java/lang/invoke/LambdaForm$DMH+0x00000208993a2800'
Event: 27.282 Thread 0x0000020880a0e6c0 Unloading class 0x00000208993a1c00 'java/lang/invoke/LambdaForm$MH+0x00000208993a1c00'
Event: 451.731 Thread 0x0000020880a0e6c0 Unloading class 0x0000020899655000 'java/lang/invoke/LambdaForm$MH+0x0000020899655000'
Event: 451.731 Thread 0x0000020880a0e6c0 Unloading class 0x0000020899654800 'java/lang/invoke/LambdaForm$MH+0x0000020899654800'
Event: 451.731 Thread 0x0000020880a0e6c0 Unloading class 0x0000020899654400 'java/lang/invoke/LambdaForm$MH+0x0000020899654400'

Classes redefined (0 events):
No events

Internal exceptions (20 events):
Event: 987.282 Thread 0x00000208df1ab000 Exception <a 'sun/nio/fs/WindowsException'{0x00000000d57451b8}> (0x00000000d57451b8) 
thrown [s\src\hotspot\share\prims\jni.cpp, line 520]
Event: 987.620 Thread 0x00000208e3237910 Exception <a 'java/lang/ArrayIndexOutOfBoundsException'{0x00000000d5c409b0}> (0x00000000d5c409b0) 
thrown [s\src\hotspot\share\runtime\sharedRuntime.cpp, line 625]
Event: 987.621 Thread 0x00000208e3237910 Exception <a 'java/lang/ArrayIndexOutOfBoundsException'{0x00000000d5c40fe8}> (0x00000000d5c40fe8) 
thrown [s\src\hotspot\share\runtime\sharedRuntime.cpp, line 625]
Event: 987.621 Thread 0x00000208e3237910 Exception <a 'java/lang/ArrayIndexOutOfBoundsException'{0x00000000d5c41310}> (0x00000000d5c41310) 
thrown [s\src\hotspot\share\runtime\sharedRuntime.cpp, line 625]
Event: 987.646 Thread 0x00000208df1ab000 Exception <a 'sun/nio/fs/WindowsException'{0x00000000d5b4ffc0}> (0x00000000d5b4ffc0) 
thrown [s\src\hotspot\share\prims\jni.cpp, line 520]
Event: 987.940 Thread 0x00000208e3236bf0 Exception <a 'java/lang/ArrayIndexOutOfBoundsException'{0x00000000d5faf270}> (0x00000000d5faf270) 
thrown [s\src\hotspot\share\runtime\sharedRuntime.cpp, line 625]
Event: 987.940 Thread 0x00000208e3236bf0 Exception <a 'java/lang/ArrayIndexOutOfBoundsException'{0x00000000d5faf8a8}> (0x00000000d5faf8a8) 
thrown [s\src\hotspot\share\runtime\sharedRuntime.cpp, line 625]
Event: 987.940 Thread 0x00000208e3236bf0 Exception <a 'java/lang/ArrayIndexOutOfBoundsException'{0x00000000d5fafbd0}> (0x00000000d5fafbd0) 
thrown [s\src\hotspot\share\runtime\sharedRuntime.cpp, line 625]
Event: 989.842 Thread 0x00000208e3236bf0 Implicit null exception at 0x000002088bd4fecb to 0x000002088bd517e0
Event: 989.842 Thread 0x00000208e3236bf0 Implicit null exception at 0x000002088bd54724 to 0x000002088bd55dd4
Event: 989.919 Thread 0x00000208e3236bf0 Implicit null exception at 0x000002088bebacc5 to 0x000002088bebb2ec
Event: 990.785 Thread 0x00000208df1ab000 Exception <a 'sun/nio/fs/WindowsException'{0x00000000d5bf59a8}> (0x00000000d5bf59a8) 
thrown [s\src\hotspot\share\prims\jni.cpp, line 520]
Event: 991.142 Thread 0x00000208df1ab000 Exception <a 'sun/nio/fs/WindowsException'{0x00000000d56d8680}> (0x00000000d56d8680) 
thrown [s\src\hotspot\share\prims\jni.cpp, line 520]
Event: 1010.167 Thread 0x00000208df1ab000 Exception <a 'sun/nio/fs/WindowsException'{0x00000000d571eb50}> (0x00000000d571eb50) 
thrown [s\src\hotspot\share\prims\jni.cpp, line 520]
Event: 1010.521 Thread 0x00000208df1ab000 Exception <a 'sun/nio/fs/WindowsException'{0x00000000d5806e50}> (0x00000000d5806e50) 
thrown [s\src\hotspot\share\prims\jni.cpp, line 520]
Event: 1012.545 Thread 0x00000208df1aca40 Exception <a 'java/lang/ArrayIndexOutOfBoundsException'{0x00000000d5690c30}> (0x00000000d5690c30) 
thrown [s\src\hotspot\share\runtime\sharedRuntime.cpp, line 625]
Event: 1239.592 Thread 0x00000208df1ab000 Exception <a 'sun/nio/fs/WindowsException'{0x00000000d568d550}> (0x00000000d568d550) 
thrown [s\src\hotspot\share\prims\jni.cpp, line 520]
Event: 1239.954 Thread 0x00000208df1ab000 Exception <a 'sun/nio/fs/WindowsException'{0x00000000d57fab88}> (0x00000000d57fab88) 
thrown [s\src\hotspot\share\prims\jni.cpp, line 520]
Event: 1243.934 Thread 0x00000208df1abd20 Exception <a 'java/lang/ArrayIndexOutOfBoundsException'{0x00000000d5aa6948}> (0x00000000d5aa6948) 
thrown [s\src\hotspot\share\runtime\sharedRuntime.cpp, line 625]
Event: 1247.105 Thread 0x00000208df1ab000 Exception <a 'sun/nio/fs/WindowsException'{0x00000000d594abb0}> (0x00000000d594abb0) 
thrown [s\src\hotspot\share\prims\jni.cpp, line 520]

ZGC Phase Switch (0 events):
No events

VM Operations (20 events):
Event: 1246.114 Executing VM operation: ParallelGCFailedAllocation (Allocation Failure) done
Event: 1246.573 Executing VM operation: ParallelGCFailedAllocation (Allocation Failure)
Event: 1246.578 Executing VM operation: ParallelGCFailedAllocation (Allocation Failure) done
Event: 1247.124 Executing VM operation: ParallelGCFailedAllocation (Allocation Failure)
Event: 1247.131 Executing VM operation: ParallelGCFailedAllocation (Allocation Failure) done
Event: 1247.160 Executing VM operation: ParallelGCFailedAllocation (Allocation Failure)
Event: 1247.173 Executing VM operation: ParallelGCFailedAllocation (Allocation Failure) done
Event: 1247.206 Executing VM operation: ParallelGCFailedAllocation (Allocation Failure)
Event: 1247.217 Executing VM operation: ParallelGCFailedAllocation (Allocation Failure) done
Event: 1247.238 Executing VM operation: ParallelGCFailedAllocation (Allocation Failure)
Event: 1247.247 Executing VM operation: ParallelGCFailedAllocation (Allocation Failure) done
Event: 1247.340 Executing VM operation: ParallelGCFailedAllocation (Allocation Failure)
Event: 1247.350 Executing VM operation: ParallelGCFailedAllocation (Allocation Failure) done
Event: 1247.370 Executing VM operation: ParallelGCFailedAllocation (Allocation Failure)
Event: 1247.381 Executing VM operation: ParallelGCFailedAllocation (Allocation Failure) done
Event: 1247.383 Executing VM operation: ParallelGCFailedAllocation (Allocation Failure)
Event: 1247.391 Executing VM operation: ParallelGCFailedAllocation (Allocation Failure) done
Event: 1247.394 Executing VM operation: ParallelGCFailedAllocation (Allocation Failure)
Event: 1247.398 Executing VM operation: ParallelGCFailedAllocation (Allocation Failure) done
Event: 1247.404 Executing VM operation: ParallelGCFailedAllocation (Allocation Failure)

Memory protections (0 events):
No events

Nmethod flushes (20 events):
Event: 451.752 Thread 0x0000020880a0e6c0 flushing  nmethod 0x0000020884349790
Event: 451.752 Thread 0x0000020880a0e6c0 flushing osr nmethod 0x00000208843a2290
Event: 451.752 Thread 0x0000020880a0e6c0 flushing  nmethod 0x00000208843ae690
Event: 451.752 Thread 0x0000020880a0e6c0 flushing  nmethod 0x00000208843bce90
Event: 451.752 Thread 0x0000020880a0e6c0 flushing  nmethod 0x00000208843cc590
Event: 451.752 Thread 0x0000020880a0e6c0 flushing  nmethod 0x00000208843cc910
Event: 451.752 Thread 0x0000020880a0e6c0 flushing  nmethod 0x00000208843ccc90
Event: 451.752 Thread 0x0000020880a0e6c0 flushing  nmethod 0x00000208843ce310
Event: 451.752 Thread 0x0000020880a0e6c0 flushing  nmethod 0x00000208843ced90
Event: 451.752 Thread 0x0000020880a0e6c0 flushing  nmethod 0x00000208843db310
Event: 451.752 Thread 0x0000020880a0e6c0 flushing  nmethod 0x00000208843e1910
Event: 451.752 Thread 0x0000020880a0e6c0 flushing  nmethod 0x000002088440ec10
Event: 451.752 Thread 0x0000020880a0e6c0 flushing  nmethod 0x0000020884416590
Event: 451.752 Thread 0x0000020880a0e6c0 flushing  nmethod 0x0000020884416a10
Event: 451.752 Thread 0x0000020880a0e6c0 flushing  nmethod 0x0000020884418290
Event: 451.752 Thread 0x0000020880a0e6c0 flushing  nmethod 0x0000020884418990
Event: 451.752 Thread 0x0000020880a0e6c0 flushing  nmethod 0x0000020884419f10
Event: 451.752 Thread 0x0000020880a0e6c0 flushing  nmethod 0x0000020884436a90
Event: 451.752 Thread 0x0000020880a0e6c0 flushing  nmethod 0x0000020884463c10
Event: 451.752 Thread 0x0000020880a0e6c0 flushing  nmethod 0x0000020884467610

Events (20 events):
Event: 990.995 Thread 0x00000208df1a95c0 Thread added: 0x00000208e24feb30
Event: 991.463 Thread 0x00000208e323bab0 Thread exited: 0x00000208e323bab0
Event: 1009.389 Thread 0x00000208da33de00 Thread added: 0x00000208e44365c0
Event: 1009.805 Thread 0x00000208e44365c0 Thread exited: 0x00000208e44365c0
Event: 1010.264 Thread 0x00000208df1a95c0 Thread added: 0x00000208e2502cd0
Event: 1051.471 Thread 0x00000208e323b420 Thread exited: 0x00000208e323b420
Event: 1070.323 Thread 0x00000208e2501290 Thread exited: 0x00000208e2501290
Event: 1073.358 Thread 0x00000208e2501920 Thread exited: 0x00000208e2501920
Event: 1079.394 Thread 0x00000208df1a95c0 Thread added: 0x00000208e2501290
Event: 1082.009 Thread 0x00000208df1aa970 Thread exited: 0x00000208df1aa970
Event: 1111.473 Thread 0x00000208e24ff1c0 Thread exited: 0x00000208e24ff1c0
Event: 1171.473 Thread 0x00000208e323a070 Thread exited: 0x00000208e323a070
Event: 1183.272 Thread 0x00000208e3236bf0 Thread exited: 0x00000208e3236bf0
Event: 1194.017 Thread 0x00000208e3237280 Thread added: 0x00000208e24ff850
Event: 1238.747 Thread 0x00000208da33b5a0 Thread added: 0x00000208e44365c0
Event: 1239.075 Thread 0x00000208e44365c0 Thread exited: 0x00000208e44365c0
Event: 1239.696 Thread 0x00000208df1a95c0 Thread added: 0x00000208e2503360
Event: 1239.744 Thread 0x00000208df1a95c0 Thread added: 0x00000208e2504080
Event: 1239.758 Thread 0x00000208e2501290 Thread added: 0x00000208e2504da0
Event: 1247.196 Thread 0x00000208e2501290 Thread added: 0x00000208e2506150


Dynamic libraries:
0x00007ff6fd500000 - 0x00007ff6fd50e000 	c:\Users\ASUS\.vscode\extensions\redhat.java-1.51.0-win32-x64\jre\21.0.9-win32-x86_64\bin\java.exe
0x00007ffca6f40000 - 0x00007ffca71a7000 	C:\WINDOWS\SYSTEM32\ntdll.dll
0x00007ffca5820000 - 0x00007ffca58e9000 	C:\WINDOWS\System32\KERNEL32.DLL
0x00007ffca42c0000 - 0x00007ffca46af000 	C:\WINDOWS\System32\KERNELBASE.dll
0x00007ffca48f0000 - 0x00007ffca4a3b000 	C:\WINDOWS\System32\ucrtbase.dll
0x00007ffc8d110000 - 0x00007ffc8d128000 	c:\Users\ASUS\.vscode\extensions\redhat.java-1.51.0-win32-x64\jre\21.0.9-win32-x86_64\bin\jli.dll
0x00007ffc8e200000 - 0x00007ffc8e21e000 	c:\Users\ASUS\.vscode\extensions\redhat.java-1.51.0-win32-x64\jre\21.0.9-win32-x86_64\bin\VCRUNTIME140.dll
0x00007ffca6560000 - 0x00007ffca6725000 	C:\WINDOWS\System32\USER32.dll
0x00007ffc91e90000 - 0x00007ffc92123000 	C:\WINDOWS\WinSxS\amd64_microsoft.windows.common-controls_6595b64144ccf1df_6.0.26100.7309_none_3e05feeae336a044\COMCTL32.dll
0x00007ffca4140000 - 0x00007ffca4167000 	C:\WINDOWS\System32\win32u.dll
0x00007ffca64b0000 - 0x00007ffca6559000 	C:\WINDOWS\System32\msvcrt.dll
0x00007ffca6e90000 - 0x00007ffca6ebb000 	C:\WINDOWS\System32\GDI32.dll
0x00007ffca4a40000 - 0x00007ffca4b6c000 	C:\WINDOWS\System32\gdi32full.dll
0x00007ffca4840000 - 0x00007ffca48e3000 	C:\WINDOWS\System32\msvcp_win.dll
0x00007ffca4e90000 - 0x00007ffca4ec1000 	C:\WINDOWS\System32\IMM32.DLL
0x00007ffc986a0000 - 0x00007ffc986ac000 	c:\Users\ASUS\.vscode\extensions\redhat.java-1.51.0-win32-x64\jre\21.0.9-win32-x86_64\bin\vcruntime140_1.dll
0x00007ffc69880000 - 0x00007ffc6990d000 	c:\Users\ASUS\.vscode\extensions\redhat.java-1.51.0-win32-x64\jre\21.0.9-win32-x86_64\bin\msvcp140.dll
0x00007ffc338d0000 - 0x00007ffc34670000 	c:\Users\ASUS\.vscode\extensions\redhat.java-1.51.0-win32-x64\jre\21.0.9-win32-x86_64\bin\server\jvm.dll
0x00007ffca62c0000 - 0x00007ffca6374000 	C:\WINDOWS\System32\ADVAPI32.dll
0x00007ffca6400000 - 0x00007ffca64a6000 	C:\WINDOWS\System32\sechost.dll
0x00007ffca61a0000 - 0x00007ffca62b8000 	C:\WINDOWS\System32\RPCRT4.dll
0x00007ffca4dc0000 - 0x00007ffca4e34000 	C:\WINDOWS\System32\WS2_32.dll
0x00007ffca3ef0000 - 0x00007ffca3f4e000 	C:\WINDOWS\SYSTEM32\POWRPROF.dll
0x00007ffc9b320000 - 0x00007ffc9b355000 	C:\WINDOWS\SYSTEM32\WINMM.dll
0x00007ffc9e0a0000 - 0x00007ffc9e0ab000 	C:\WINDOWS\SYSTEM32\VERSION.dll
0x00007ffca3ed0000 - 0x00007ffca3ee4000 	C:\WINDOWS\SYSTEM32\UMPDC.dll
0x00007ffca2e40000 - 0x00007ffca2e5b000 	C:\WINDOWS\SYSTEM32\kernel.appcore.dll
0x00007ffc98510000 - 0x00007ffc9851a000 	c:\Users\ASUS\.vscode\extensions\redhat.java-1.51.0-win32-x64\jre\21.0.9-win32-x86_64\bin\jimage.dll
0x00007ffca17e0000 - 0x00007ffca1a22000 	C:\WINDOWS\SYSTEM32\DBGHELP.DLL
0x00007ffca5d10000 - 0x00007ffca6096000 	C:\WINDOWS\System32\combase.dll
0x00007ffca5920000 - 0x00007ffca59f6000 	C:\WINDOWS\System32\OLEAUT32.dll
0x00007ffc8a140000 - 0x00007ffc8a17c000 	C:\WINDOWS\SYSTEM32\dbgcore.DLL
0x00007ffca4090000 - 0x00007ffca4135000 	C:\WINDOWS\System32\bcryptPrimitives.dll
0x00007ffc97b00000 - 0x00007ffc97b0f000 	c:\Users\ASUS\.vscode\extensions\redhat.java-1.51.0-win32-x64\jre\21.0.9-win32-x86_64\bin\instrument.dll
0x00007ffc8a7c0000 - 0x00007ffc8a7e0000 	c:\Users\ASUS\.vscode\extensions\redhat.java-1.51.0-win32-x64\jre\21.0.9-win32-x86_64\bin\java.dll
0x00007ffca6730000 - 0x00007ffca6e83000 	C:\WINDOWS\System32\SHELL32.dll
0x00007ffca4b70000 - 0x00007ffca4cda000 	C:\WINDOWS\System32\wintypes.dll
0x00007ffca1c80000 - 0x00007ffca24de000 	C:\WINDOWS\SYSTEM32\windows.storage.dll
0x00007ffca5720000 - 0x00007ffca5815000 	C:\WINDOWS\System32\SHCORE.dll
0x00007ffca6380000 - 0x00007ffca63e6000 	C:\WINDOWS\System32\shlwapi.dll
0x00007ffca3fb0000 - 0x00007ffca3fd9000 	C:\WINDOWS\SYSTEM32\profapi.dll
0x00007ffc8a7a0000 - 0x00007ffc8a7b8000 	c:\Users\ASUS\.vscode\extensions\redhat.java-1.51.0-win32-x64\jre\21.0.9-win32-x86_64\bin\zip.dll
0x00007ffc96880000 - 0x00007ffc96890000 	C:\Users\ASUS\.vscode\extensions\redhat.java-1.51.0-win32-x64\jre\21.0.9-win32-x86_64\bin\net.dll
0x00007ffc9d690000 - 0x00007ffc9d7b8000 	C:\WINDOWS\SYSTEM32\WINHTTP.dll
0x00007ffca33b0000 - 0x00007ffca341b000 	C:\WINDOWS\system32\mswsock.dll
0x00007ffc898c0000 - 0x00007ffc898d6000 	C:\Users\ASUS\.vscode\extensions\redhat.java-1.51.0-win32-x64\jre\21.0.9-win32-x86_64\bin\nio.dll
0x00007ffc96820000 - 0x00007ffc96830000 	c:\Users\ASUS\.vscode\extensions\redhat.java-1.51.0-win32-x64\jre\21.0.9-win32-x86_64\bin\verify.dll
0x00007ffc88460000 - 0x00007ffc884a4000 	C:\Users\ASUS\AppData\Roaming\Code\User\globalStorage\redhat.java\1.51.0\config_win\org.eclipse.equinox.launcher\org.eclipse.equinox.launcher.win32.win32.x86_64_1.2.1400.v20250801-0854\eclipse_11916.dll
0x00007ffca5a00000 - 0x00007ffca5b97000 	C:\WINDOWS\System32\ole32.dll
0x00007ffca3680000 - 0x00007ffca369b000 	C:\WINDOWS\SYSTEM32\CRYPTSP.dll
0x00007ffca2da0000 - 0x00007ffca2dda000 	C:\WINDOWS\system32\rsaenh.dll
0x00007ffca3460000 - 0x00007ffca348b000 	C:\WINDOWS\SYSTEM32\USERENV.dll
0x00007ffca3f80000 - 0x00007ffca3faa000 	C:\WINDOWS\SYSTEM32\bcrypt.dll
0x00007ffca3670000 - 0x00007ffca367c000 	C:\WINDOWS\SYSTEM32\CRYPTBASE.dll
0x00007ffca2800000 - 0x00007ffca2834000 	C:\WINDOWS\SYSTEM32\IPHLPAPI.DLL
0x00007ffca51f0000 - 0x00007ffca51fa000 	C:\WINDOWS\System32\NSI.dll
0x00007ffc88410000 - 0x00007ffc88459000 	C:\Users\ASUS\AppData\Local\Temp\jna-2018896\jna2303062392747411452.dll
0x00007ffca5910000 - 0x00007ffca5918000 	C:\WINDOWS\System32\PSAPI.DLL
0x00007ffc9de20000 - 0x00007ffc9de3e000 	C:\WINDOWS\SYSTEM32\dhcpcsvc6.DLL
0x00007ffc9d860000 - 0x00007ffc9d883000 	C:\WINDOWS\SYSTEM32\dhcpcsvc.DLL
0x00007ffc96660000 - 0x00007ffc9666a000 	C:\Users\ASUS\.vscode\extensions\redhat.java-1.51.0-win32-x64\jre\21.0.9-win32-x86_64\bin\management.dll
0x00007ffc96480000 - 0x00007ffc9648c000 	C:\Users\ASUS\.vscode\extensions\redhat.java-1.51.0-win32-x64\jre\21.0.9-win32-x86_64\bin\management_ext.dll
0x00007ffc840f0000 - 0x00007ffc84117000 	C:\Users\ASUS\.gradle\native\660c5614fbf4a5f2a75b1949f50a0caf5cd603558e7d8a26e50b933a0cfb79d1\windows-amd64\native-platform.dll

JVMTI agents:
c:\Users\ASUS\.vscode\extensions\redhat.java-1.51.0-win32-x64\lombok\lombok-1.18.39-4050.jar path:c:\Users\ASUS\.vscode\extensions\redhat.java-1.51.0-win32-x64\jre\21.0.9-win32-x86_64\bin\instrument.dll, loaded, initialized, instrumentlib options:none

dbghelp: loaded successfully - version: 4.0.5 - missing functions: none
symbol engine: initialized successfully - sym options: 0x614 - pdb path: .;c:\Users\ASUS\.vscode\extensions\redhat.java-1.51.0-win32-x64\jre\21.0.9-win32-x86_64\bin;C:\WINDOWS\SYSTEM32;C:\WINDOWS\WinSxS\amd64_microsoft.windows.common-controls_6595b64144ccf1df_6.0.26100.7309_none_3e05feeae336a044;c:\Users\ASUS\.vscode\extensions\redhat.java-1.51.0-win32-x64\jre\21.0.9-win32-x86_64\bin\server;C:\Users\ASUS\AppData\Roaming\Code\User\globalStorage\redhat.java\1.51.0\config_win\org.eclipse.equinox.launcher\org.eclipse.equinox.launcher.win32.win32.x86_64_1.2.1400.v20250801-0854;C:\Users\ASUS\AppData\Local\Temp\jna-2018896;C:\Users\ASUS\.gradle\native\660c5614fbf4a5f2a75b1949f50a0caf5cd603558e7d8a26e50b933a0cfb79d1\windows-amd64

VM Arguments:
jvm_args: --add-modules=ALL-SYSTEM --add-opens=java.base/java.util=ALL-UNNAMED --add-opens=java.base/java.lang=ALL-UNNAMED --add-opens=java.base/sun.nio.fs=ALL-UNNAMED -Declipse.application=org.eclipse.jdt.ls.core.id1 -Dosgi.bundles.defaultStartLevel=4 -Declipse.product=org.eclipse.jdt.ls.core.product -Djava.import.generatesMetadataFilesAtProjectRoot=false -DDetectVMInstallationsJob.disabled=true -Dfile.encoding=utf8 -XX:+UseParallelGC -XX:GCTimeRatio=4 -XX:AdaptiveSizePolicyWeight=90 -Dsun.zip.disableMemoryMapping=true -Xmx2G -Xms100m -Xlog:disable -javaagent:c:\Users\ASUS\.vscode\extensions\redhat.java-1.51.0-win32-x64\lombok\lombok-1.18.39-4050.jar -XX:+HeapDumpOnOutOfMemoryError -XX:HeapDumpPath=c:\Users\ASUS\AppData\Roaming\Code\User\workspaceStorage\0756d9bf317ab265a75947ad770f0b5d\redhat.java -Daether.dependencyCollector.impl=bf 
java_command: c:\Users\ASUS\.vscode\extensions\redhat.java-1.51.0-win32-x64\server\plugins\org.eclipse.equinox.launcher_1.7.100.v20251111-0406.jar -configuration c:\Users\ASUS\AppData\Roaming\Code\User\globalStorage\redhat.java\1.51.0\config_win -data c:\Users\ASUS\AppData\Roaming\Code\User\workspaceStorage\0756d9bf317ab265a75947ad770f0b5d\redhat.java\jdt_ws --pipe=\\.\pipe\lsp-b546937304ea1f695a136a71d4e3a4bc-sock
java_class_path (initial): c:\Users\ASUS\.vscode\extensions\redhat.java-1.51.0-win32-x64\server\plugins\org.eclipse.equinox.launcher_1.7.100.v20251111-0406.jar
Launcher Type: SUN_STANDARD

[Global flags]
    uintx AdaptiveSizePolicyWeight                 = 90                                        {product} {command line}
     intx CICompilerCount                          = 4                                         {product} {ergonomic}
    uintx GCTimeRatio                              = 4                                         {product} {command line}
     bool HeapDumpOnOutOfMemoryError               = true                                   {manageable} {command line}
    ccstr HeapDumpPath                             = c:\Users\ASUS\AppData\Roaming\Code\User\workspaceStorage\0756d9bf317ab265a75947ad770f0b5d\redhat.java         {manageable} {command line}
   size_t InitialHeapSize                          = 104857600                                 {product} {command line}
   size_t MaxHeapSize                              = 2147483648                                {product} {command line}
   size_t MaxNewSize                               = 715653120                                 {product} {ergonomic}
   size_t MinHeapDeltaBytes                        = 524288                                    {product} {ergonomic}
   size_t MinHeapSize                              = 104857600                                 {product} {command line}
   size_t NewSize                                  = 34603008                                  {product} {ergonomic}
    uintx NonNMethodCodeHeapSize                   = 5839372                                {pd product} {ergonomic}
    uintx NonProfiledCodeHeapSize                  = 122909434                              {pd product} {ergonomic}
   size_t OldSize                                  = 70254592                                  {product} {ergonomic}
    uintx ProfiledCodeHeapSize                     = 122909434                              {pd product} {ergonomic}
    uintx ReservedCodeCacheSize                    = 251658240                              {pd product} {ergonomic}
     bool SegmentedCodeCache                       = true                                      {product} {ergonomic}
   size_t SoftMaxHeapSize                          = 2147483648                             {manageable} {ergonomic}
     bool UseCompressedOops                        = true                           {product lp64_product} {ergonomic}
     bool UseLargePagesIndividualAllocation        = false                                  {pd product} {ergonomic}
     bool UseParallelGC                            = true                                      {product} {command line}

Logging:
Log output configuration:
 #0: stdout all=off uptime,level,tags foldmultilines=false
 #1: stderr all=off uptime,level,tags foldmultilines=false

Release file:
JAVA_VERSION="21.0.9" 
MODULES="java.base java.compiler java.datatransfer java.xml java.prefs java.desktop java.instrument java.logging java.management java.security.sasl java.naming java.rmi java.management.rmi java.net.http java.scripting java.security.jgss java.transaction.xa java.sql java.sql.rowset java.xml.crypto java.se java.smartcardio jdk.accessibility jdk.internal.jvmstat jdk.attach jdk.charsets jdk.internal.opt jdk.zipfs jdk.compiler jdk.crypto.ec jdk.crypto.cryptoki jdk.crypto.mscapi jdk.dynalink jdk.internal.ed jdk.editpad jdk.hotspot.agent jdk.httpserver jdk.internal.le jdk.internal.vm.ci jdk.internal.vm.compiler jdk.internal.vm.compiler.management jdk.jartool jdk.javadoc jdk.jcmd jdk.management jdk.management.agent jdk.jconsole jdk.jdeps jdk.jdwp.agent jdk.jdi jdk.jfr jdk.jshell jdk.jsobject jdk.jstatd jdk.localedata jdk.management.jfr jdk.naming.dns jdk.naming.rmi jdk.net jdk.nio.mapmode jdk.random jdk.sctp jdk.security.auth jdk.security.jgss jdk.unsupported jdk.unsupported.desktop jdk.xml.dom" 

Environment Variables:
JAVA_HOME=C:\Program Files\Java\jdk-21
PATH=C:\Program Files\Common Files\Oracle\Java\javapath;C:\WINDOWS\system32;C:\WINDOWS;C:\WINDOWS\System32\Wbem;C:\WINDOWS\System32\WindowsPowerShell\v1.0\;C:\WINDOWS\System32\OpenSSH\;C:\Program Files\apache-maven-3.9.12-bin\apache-maven-3.9.12\bin;C:\Program Files\Java\jdk-21\bin;C:\Program Files\nodejs\;C:\Program Files\Git\cmd;C:\Program Files\Docker\Docker\resources\bin;C:\Program Files\MySQL\MySQL Server 8.0\bin;C:\Users\ASUS\AppData\Local\Microsoft\WindowsApps;C:\Users\ASUS\AppData\Local\Programs\Microsoft VS Code\bin;C:\Program Files\apache-maven-3.9.12-bin\apache-maven-3.9.12\bin;C:\Users\ASUS\AppData\Roaming\npm
USERNAME=ASUS
OS=Windows_NT
PROCESSOR_IDENTIFIER=AMD64 Family 23 Model 104 Stepping 1, AuthenticAMD
TMP=C:\Users\ASUS\AppData\Local\Temp
TEMP=C:\Users\ASUS\AppData\Local\Temp




Periodic native trim disabled

---------------  S Y S T E M  ---------------

OS:
 Windows 11 , 64 bit Build 26100 (10.0.26100.7623)
OS uptime: 0 days 23:35 hours
Hyper-V role detected

CPU: total 12 (initial active 12) (12 cores per cpu, 2 threads per core) family 23 model 104 stepping 1 microcode 0x8608104, cx8, cmov, fxsr, ht, mmx, 3dnowpref, sse, sse2, sse3, ssse3, sse4a, sse4.1, sse4.2, popcnt, lzcnt, tsc, tscinvbit, avx, avx2, aes, clmul, bmi1, bmi2, adx, sha, fma, vzeroupper, clflush, clflushopt, hv, rdtscp, rdpid, f16c
Processor Information for processor 0
  Max Mhz: 2100, Current Mhz: 2100, Mhz Limit: 2100
Processor Information for processor 1
  Max Mhz: 2100, Current Mhz: 1813, Mhz Limit: 2100
Processor Information for processor 2
  Max Mhz: 2100, Current Mhz: 1813, Mhz Limit: 2100
Processor Information for processor 3
  Max Mhz: 2100, Current Mhz: 1813, Mhz Limit: 2100
Processor Information for processor 4
  Max Mhz: 2100, Current Mhz: 1813, Mhz Limit: 2100
Processor Information for processor 5
  Max Mhz: 2100, Current Mhz: 2100, Mhz Limit: 2100
Processor Information for processor 6
  Max Mhz: 2100, Current Mhz: 1813, Mhz Limit: 2100
Processor Information for processor 7
  Max Mhz: 2100, Current Mhz: 1813, Mhz Limit: 2100
Processor Information for processor 8
  Max Mhz: 2100, Current Mhz: 1813, Mhz Limit: 2100
Processor Information for processor 9
  Max Mhz: 2100, Current Mhz: 1813, Mhz Limit: 2100
Processor Information for processor 10
  Max Mhz: 2100, Current Mhz: 1813, Mhz Limit: 2100
Processor Information for processor 11
  Max Mhz: 2100, Current Mhz: 1813, Mhz Limit: 2100

Memory: 4k page, system-wide physical 7561M (757M free)
TotalPageFile size 16563M (AvailPageFile size 2986M)
current process WorkingSet (physical memory assigned to process): 971M, peak: 977M
current process commit charge ("private bytes"): 1075M, peak: 1096M

vm_info: OpenJDK 64-Bit Server VM (21.0.9+10-LTS) for windows-amd64 JRE (21.0.9+10-LTS), built on 2025-10-21T00:00:00Z by "admin" with unknown MS VC++:1942

END.
